{"/Users/shaheerahmad/Documents/CursorSlackClone3/src/middleware.ts": {"path":"/Users/shaheerahmad/Documents/CursorSlackClone3/src/middleware.ts","statementMap":{"0":{"start":{"line":5,"column":17},"end":{"line":9,"column":4}},"1":{"start":{"line":11,"column":19},"end":{"line":55,"column":3}},"2":{"start":{"line":17,"column":10},"end":{"line":17,"column":49}},"3":{"start":{"line":20,"column":10},"end":{"line":24,"column":12}},"4":{"start":{"line":25,"column":10},"end":{"line":29,"column":12}},"5":{"start":{"line":30,"column":10},"end":{"line":34,"column":12}},"6":{"start":{"line":37,"column":10},"end":{"line":41,"column":12}},"7":{"start":{"line":42,"column":10},"end":{"line":46,"column":12}},"8":{"start":{"line":47,"column":10},"end":{"line":51,"column":12}},"9":{"start":{"line":59,"column":6},"end":{"line":59,"column":38}},"10":{"start":{"line":62,"column":23},"end":{"line":62,"column":86}},"11":{"start":{"line":66,"column":2},"end":{"line":68,"column":3}},"12":{"start":{"line":67,"column":4},"end":{"line":67,"column":59}},"13":{"start":{"line":72,"column":2},"end":{"line":74,"column":3}},"14":{"start":{"line":73,"column":4},"end":{"line":73,"column":66}},"15":{"start":{"line":76,"column":2},"end":{"line":76,"column":17}},"16":{"start":{"line":79,"column":22},"end":{"line":81,"column":1}}},"fnMap":{"0":{"name":"middleware","decl":{"start":{"line":4,"column":22},"end":{"line":4,"column":32}},"loc":{"start":{"line":4,"column":55},"end":{"line":77,"column":1}},"line":4},"1":{"name":"(anonymous_1)","decl":{"start":{"line":16,"column":8},"end":{"line":16,"column":9}},"loc":{"start":{"line":16,"column":26},"end":{"line":18,"column":9}},"line":16},"2":{"name":"(anonymous_2)","decl":{"start":{"line":19,"column":8},"end":{"line":19,"column":9}},"loc":{"start":{"line":19,"column":65},"end":{"line":35,"column":9}},"line":19},"3":{"name":"(anonymous_3)","decl":{"start":{"line":36,"column":8},"end":{"line":36,"column":9}},"loc":{"start":{"line":36,"column":53},"end":{"line":52,"column":9}},"line":36}},"branchMap":{"0":{"loc":{"start":{"line":66,"column":2},"end":{"line":68,"column":3}},"type":"if","locations":[{"start":{"line":66,"column":2},"end":{"line":68,"column":3}},{"start":{},"end":{}}],"line":66},"1":{"loc":{"start":{"line":66,"column":6},"end":{"line":66,"column":64}},"type":"binary-expr","locations":[{"start":{"line":66,"column":6},"end":{"line":66,"column":13}},{"start":{"line":66,"column":17},"end":{"line":66,"column":64}}],"line":66},"2":{"loc":{"start":{"line":72,"column":2},"end":{"line":74,"column":3}},"type":"if","locations":[{"start":{"line":72,"column":2},"end":{"line":74,"column":3}},{"start":{},"end":{}}],"line":72},"3":{"loc":{"start":{"line":72,"column":6},"end":{"line":72,"column":66}},"type":"binary-expr","locations":[{"start":{"line":72,"column":6},"end":{"line":72,"column":14}},{"start":{"line":72,"column":18},"end":{"line":72,"column":66}}],"line":72}},"s":{"0":0,"1":0,"2":0,"3":0,"4":0,"5":0,"6":0,"7":0,"8":0,"9":0,"10":0,"11":0,"12":0,"13":0,"14":0,"15":0,"16":0},"f":{"0":0,"1":0,"2":0,"3":0},"b":{"0":[0,0],"1":[0,0],"2":[0,0],"3":[0,0]}}
,"/Users/shaheerahmad/Documents/CursorSlackClone3/src/setupTests.ts": {"path":"/Users/shaheerahmad/Documents/CursorSlackClone3/src/setupTests.ts","statementMap":{"0":{"start":{"line":7,"column":0},"end":{"line":7,"column":32}},"1":{"start":{"line":8,"column":0},"end":{"line":8,"column":39}},"2":{"start":{"line":11,"column":0},"end":{"line":11,"column":27}},"3":{"start":{"line":12,"column":0},"end":{"line":12,"column":31}},"4":{"start":{"line":13,"column":0},"end":{"line":13,"column":33}},"5":{"start":{"line":16,"column":0},"end":{"line":20,"column":1}},"6":{"start":{"line":23,"column":0},"end":{"line":40,"column":1}},"7":{"start":{"line":24,"column":36},"end":{"line":24,"column":40}},"8":{"start":{"line":25,"column":15},"end":{"line":25,"column":20}},"9":{"start":{"line":26,"column":15},"end":{"line":26,"column":18}},"10":{"start":{"line":30,"column":4},"end":{"line":30,"column":28}},"11":{"start":{"line":31,"column":4},"end":{"line":31,"column":37}},"12":{"start":{"line":32,"column":4},"end":{"line":32,"column":50}},"13":{"start":{"line":33,"column":4},"end":{"line":33,"column":75}},"14":{"start":{"line":39,"column":18},"end":{"line":39,"column":27}},"15":{"start":{"line":43,"column":0},"end":{"line":55,"column":2}},"16":{"start":{"line":45,"column":48},"end":{"line":54,"column":3}}},"fnMap":{"0":{"name":"(anonymous_0)","decl":{"start":{"line":17,"column":2},"end":{"line":17,"column":3}},"loc":{"start":{"line":17,"column":12},"end":{"line":17,"column":14}},"line":17},"1":{"name":"(anonymous_1)","decl":{"start":{"line":18,"column":2},"end":{"line":18,"column":3}},"loc":{"start":{"line":18,"column":14},"end":{"line":18,"column":16}},"line":18},"2":{"name":"(anonymous_2)","decl":{"start":{"line":19,"column":2},"end":{"line":19,"column":3}},"loc":{"start":{"line":19,"column":15},"end":{"line":19,"column":17}},"line":19},"3":{"name":"(anonymous_3)","decl":{"start":{"line":29,"column":2},"end":{"line":29,"column":3}},"loc":{"start":{"line":29,"column":90},"end":{"line":34,"column":3}},"line":29},"4":{"name":"(anonymous_4)","decl":{"start":{"line":36,"column":2},"end":{"line":36,"column":3}},"loc":{"start":{"line":36,"column":12},"end":{"line":36,"column":14}},"line":36},"5":{"name":"(anonymous_5)","decl":{"start":{"line":37,"column":2},"end":{"line":37,"column":3}},"loc":{"start":{"line":37,"column":14},"end":{"line":37,"column":16}},"line":37},"6":{"name":"(anonymous_6)","decl":{"start":{"line":38,"column":2},"end":{"line":38,"column":3}},"loc":{"start":{"line":38,"column":15},"end":{"line":38,"column":17}},"line":38},"7":{"name":"(anonymous_7)","decl":{"start":{"line":39,"column":2},"end":{"line":39,"column":3}},"loc":{"start":{"line":39,"column":16},"end":{"line":39,"column":29}},"line":39},"8":{"name":"(anonymous_8)","decl":{"start":{"line":45,"column":38},"end":{"line":45,"column":39}},"loc":{"start":{"line":45,"column":48},"end":{"line":54,"column":3}},"line":45}},"branchMap":{"0":{"loc":{"start":{"line":31,"column":16},"end":{"line":31,"column":37}},"type":"binary-expr","locations":[{"start":{"line":31,"column":16},"end":{"line":31,"column":29}},{"start":{"line":31,"column":33},"end":{"line":31,"column":37}}],"line":31},"1":{"loc":{"start":{"line":32,"column":22},"end":{"line":32,"column":50}},"type":"binary-expr","locations":[{"start":{"line":32,"column":22},"end":{"line":32,"column":41}},{"start":{"line":32,"column":45},"end":{"line":32,"column":50}}],"line":32},"2":{"loc":{"start":{"line":33,"column":22},"end":{"line":33,"column":75}},"type":"cond-expr","locations":[{"start":{"line":33,"column":43},"end":{"line":33,"column":69}},{"start":{"line":33,"column":72},"end":{"line":33,"column":75}}],"line":33}},"s":{"0":0,"1":0,"2":0,"3":0,"4":0,"5":0,"6":0,"7":0,"8":0,"9":0,"10":0,"11":0,"12":0,"13":0,"14":0,"15":0,"16":0},"f":{"0":0,"1":0,"2":0,"3":0,"4":0,"5":0,"6":0,"7":0,"8":0},"b":{"0":[0,0],"1":[0,0],"2":[0,0]}}
,"/Users/shaheerahmad/Documents/CursorSlackClone3/src/app/layout.tsx": {"path":"/Users/shaheerahmad/Documents/CursorSlackClone3/src/app/layout.tsx","statementMap":{"0":{"start":{"line":6,"column":14},"end":{"line":6,"column":43}},"1":{"start":{"line":8,"column":34},"end":{"line":11,"column":1}},"2":{"start":{"line":18,"column":2},"end":{"line":24,"column":3}}},"fnMap":{"0":{"name":"RootLayout","decl":{"start":{"line":13,"column":24},"end":{"line":13,"column":34}},"loc":{"start":{"line":17,"column":3},"end":{"line":25,"column":1}},"line":17}},"branchMap":{},"s":{"0":0,"1":0,"2":0},"f":{"0":0},"b":{}}
,"/Users/shaheerahmad/Documents/CursorSlackClone3/src/app/page.tsx": {"path":"/Users/shaheerahmad/Documents/CursorSlackClone3/src/app/page.tsx","statementMap":{"0":{"start":{"line":17,"column":17},"end":{"line":17,"column":28}},"1":{"start":{"line":18,"column":19},"end":{"line":18,"column":33}},"2":{"start":{"line":27,"column":6},"end":{"line":27,"column":20}},"3":{"start":{"line":28,"column":38},"end":{"line":28,"column":50}},"4":{"start":{"line":29,"column":32},"end":{"line":29,"column":46}},"5":{"start":{"line":30,"column":26},"end":{"line":30,"column":45}},"6":{"start":{"line":33,"column":2},"end":{"line":33,"column":60}},"7":{"start":{"line":34,"column":2},"end":{"line":34,"column":23}},"8":{"start":{"line":37,"column":2},"end":{"line":49,"column":14}},"9":{"start":{"line":41,"column":10},"end":{"line":41,"column":39}},"10":{"start":{"line":42,"column":6},"end":{"line":45,"column":7}},"11":{"start":{"line":43,"column":8},"end":{"line":43,"column":31}},"12":{"start":{"line":44,"column":8},"end":{"line":44,"column":14}},"13":{"start":{"line":46,"column":6},"end":{"line":46,"column":19}},"14":{"start":{"line":48,"column":4},"end":{"line":48,"column":13}},"15":{"start":{"line":52,"column":2},"end":{"line":73,"column":8}},"16":{"start":{"line":54,"column":6},"end":{"line":69,"column":7}},"17":{"start":{"line":55,"column":25},"end":{"line":55,"column":53}},"18":{"start":{"line":56,"column":23},"end":{"line":56,"column":44}},"19":{"start":{"line":58,"column":8},"end":{"line":64,"column":9}},"20":{"start":{"line":59,"column":10},"end":{"line":59,"column":34}},"21":{"start":{"line":61,"column":10},"end":{"line":63,"column":11}},"22":{"start":{"line":62,"column":12},"end":{"line":62,"column":45}},"23":{"start":{"line":66,"column":8},"end":{"line":66,"column":57}},"24":{"start":{"line":68,"column":8},"end":{"line":68,"column":25}},"25":{"start":{"line":72,"column":4},"end":{"line":72,"column":19}},"26":{"start":{"line":76,"column":2},"end":{"line":93,"column":26}},"27":{"start":{"line":78,"column":6},"end":{"line":78,"column":33}},"28":{"start":{"line":78,"column":27},"end":{"line":78,"column":33}},"29":{"start":{"line":80,"column":6},"end":{"line":89,"column":7}},"30":{"start":{"line":81,"column":25},"end":{"line":81,"column":101}},"31":{"start":{"line":82,"column":23},"end":{"line":82,"column":44}},"32":{"start":{"line":84,"column":8},"end":{"line":86,"column":9}},"33":{"start":{"line":85,"column":10},"end":{"line":85,"column":34}},"34":{"start":{"line":88,"column":8},"end":{"line":88,"column":57}},"35":{"start":{"line":92,"column":4},"end":{"line":92,"column":19}},"36":{"start":{"line":95,"column":29},"end":{"line":97,"column":3}},"37":{"start":{"line":96,"column":4},"end":{"line":96,"column":30}},"38":{"start":{"line":99,"column":28},"end":{"line":164,"column":3}},"39":{"start":{"line":100,"column":4},"end":{"line":100,"column":62}},"40":{"start":{"line":100,"column":56},"end":{"line":100,"column":62}},"41":{"start":{"line":102,"column":30},"end":{"line":102,"column":38}},"42":{"start":{"line":103,"column":27},"end":{"line":103,"column":37}},"43":{"start":{"line":104,"column":4},"end":{"line":104,"column":21}},"44":{"start":{"line":107,"column":24},"end":{"line":122,"column":5}},"45":{"start":{"line":125,"column":4},"end":{"line":125,"column":27}},"46":{"start":{"line":127,"column":4},"end":{"line":163,"column":5}},"47":{"start":{"line":128,"column":23},"end":{"line":137,"column":8}},"48":{"start":{"line":139,"column":21},"end":{"line":139,"column":42}},"49":{"start":{"line":141,"column":6},"end":{"line":155,"column":7}},"50":{"start":{"line":143,"column":8},"end":{"line":147,"column":10}},"51":{"start":{"line":150,"column":8},"end":{"line":153,"column":10}},"52":{"start":{"line":154,"column":8},"end":{"line":154,"column":62}},"53":{"start":{"line":158,"column":6},"end":{"line":161,"column":8}},"54":{"start":{"line":162,"column":6},"end":{"line":162,"column":53}},"55":{"start":{"line":166,"column":2},"end":{"line":172,"column":3}},"56":{"start":{"line":167,"column":4},"end":{"line":171,"column":5}},"57":{"start":{"line":174,"column":2},"end":{"line":180,"column":3}},"58":{"start":{"line":175,"column":4},"end":{"line":179,"column":5}},"59":{"start":{"line":182,"column":2},"end":{"line":323,"column":3}},"60":{"start":{"line":258,"column":31},"end":{"line":258,"column":60}},"61":{"start":{"line":260,"column":16},"end":{"line":263,"column":17}},"62":{"start":{"line":261,"column":18},"end":{"line":261,"column":36}},"63":{"start":{"line":262,"column":18},"end":{"line":262,"column":37}}},"fnMap":{"0":{"name":"HomePage","decl":{"start":{"line":16,"column":24},"end":{"line":16,"column":32}},"loc":{"start":{"line":16,"column":35},"end":{"line":324,"column":1}},"line":16},"1":{"name":"(anonymous_1)","decl":{"start":{"line":37,"column":12},"end":{"line":37,"column":13}},"loc":{"start":{"line":37,"column":18},"end":{"line":49,"column":3}},"line":37},"2":{"name":"getUser","decl":{"start":{"line":38,"column":19},"end":{"line":38,"column":26}},"loc":{"start":{"line":38,"column":29},"end":{"line":47,"column":5}},"line":38},"3":{"name":"(anonymous_3)","decl":{"start":{"line":52,"column":12},"end":{"line":52,"column":13}},"loc":{"start":{"line":52,"column":18},"end":{"line":73,"column":3}},"line":52},"4":{"name":"fetchChannels","decl":{"start":{"line":53,"column":19},"end":{"line":53,"column":32}},"loc":{"start":{"line":53,"column":35},"end":{"line":70,"column":5}},"line":53},"5":{"name":"(anonymous_5)","decl":{"start":{"line":76,"column":12},"end":{"line":76,"column":13}},"loc":{"start":{"line":76,"column":18},"end":{"line":93,"column":3}},"line":76},"6":{"name":"fetchMessages","decl":{"start":{"line":77,"column":19},"end":{"line":77,"column":32}},"loc":{"start":{"line":77,"column":35},"end":{"line":90,"column":5}},"line":77},"7":{"name":"(anonymous_7)","decl":{"start":{"line":95,"column":29},"end":{"line":95,"column":30}},"loc":{"start":{"line":95,"column":51},"end":{"line":97,"column":3}},"line":95},"8":{"name":"(anonymous_8)","decl":{"start":{"line":99,"column":28},"end":{"line":99,"column":29}},"loc":{"start":{"line":99,"column":40},"end":{"line":164,"column":3}},"line":99},"9":{"name":"(anonymous_9)","decl":{"start":{"line":258,"column":24},"end":{"line":258,"column":25}},"loc":{"start":{"line":258,"column":31},"end":{"line":258,"column":60}},"line":258},"10":{"name":"(anonymous_10)","decl":{"start":{"line":259,"column":25},"end":{"line":259,"column":26}},"loc":{"start":{"line":259,"column":32},"end":{"line":264,"column":15}},"line":259}},"branchMap":{"0":{"loc":{"start":{"line":33,"column":22},"end":{"line":33,"column":48}},"type":"binary-expr","locations":[{"start":{"line":33,"column":22},"end":{"line":33,"column":40}},{"start":{"line":33,"column":44},"end":{"line":33,"column":48}}],"line":33},"1":{"loc":{"start":{"line":42,"column":6},"end":{"line":45,"column":7}},"type":"if","locations":[{"start":{"line":42,"column":6},"end":{"line":45,"column":7}},{"start":{},"end":{}}],"line":42},"2":{"loc":{"start":{"line":58,"column":8},"end":{"line":64,"column":9}},"type":"if","locations":[{"start":{"line":58,"column":8},"end":{"line":64,"column":9}},{"start":{},"end":{}}],"line":58},"3":{"loc":{"start":{"line":61,"column":10},"end":{"line":63,"column":11}},"type":"if","locations":[{"start":{"line":61,"column":10},"end":{"line":63,"column":11}},{"start":{},"end":{}}],"line":61},"4":{"loc":{"start":{"line":61,"column":14},"end":{"line":61,"column":55}},"type":"binary-expr","locations":[{"start":{"line":61,"column":14},"end":{"line":61,"column":29}},{"start":{"line":61,"column":33},"end":{"line":61,"column":55}}],"line":61},"5":{"loc":{"start":{"line":78,"column":6},"end":{"line":78,"column":33}},"type":"if","locations":[{"start":{"line":78,"column":6},"end":{"line":78,"column":33}},{"start":{},"end":{}}],"line":78},"6":{"loc":{"start":{"line":84,"column":8},"end":{"line":86,"column":9}},"type":"if","locations":[{"start":{"line":84,"column":8},"end":{"line":86,"column":9}},{"start":{},"end":{}}],"line":84},"7":{"loc":{"start":{"line":100,"column":4},"end":{"line":100,"column":62}},"type":"if","locations":[{"start":{"line":100,"column":4},"end":{"line":100,"column":62}},{"start":{},"end":{}}],"line":100},"8":{"loc":{"start":{"line":100,"column":8},"end":{"line":100,"column":54}},"type":"binary-expr","locations":[{"start":{"line":100,"column":8},"end":{"line":100,"column":26}},{"start":{"line":100,"column":30},"end":{"line":100,"column":45}},{"start":{"line":100,"column":49},"end":{"line":100,"column":54}}],"line":100},"9":{"loc":{"start":{"line":119,"column":19},"end":{"line":119,"column":66}},"type":"binary-expr","locations":[{"start":{"line":119,"column":19},"end":{"line":119,"column":48}},{"start":{"line":119,"column":52},"end":{"line":119,"column":66}}],"line":119},"10":{"loc":{"start":{"line":141,"column":6},"end":{"line":155,"column":7}},"type":"if","locations":[{"start":{"line":141,"column":6},"end":{"line":155,"column":7}},{"start":{"line":148,"column":13},"end":{"line":155,"column":7}}],"line":141},"11":{"loc":{"start":{"line":166,"column":2},"end":{"line":172,"column":3}},"type":"if","locations":[{"start":{"line":166,"column":2},"end":{"line":172,"column":3}},{"start":{},"end":{}}],"line":166},"12":{"loc":{"start":{"line":174,"column":2},"end":{"line":180,"column":3}},"type":"if","locations":[{"start":{"line":174,"column":2},"end":{"line":180,"column":3}},{"start":{},"end":{}}],"line":174},"13":{"loc":{"start":{"line":224,"column":17},"end":{"line":231,"column":17}},"type":"cond-expr","locations":[{"start":{"line":225,"column":18},"end":{"line":228,"column":21}},{"start":{"line":230,"column":18},"end":{"line":230,"column":36}}],"line":224},"14":{"loc":{"start":{"line":233,"column":15},"end":{"line":237,"column":15}},"type":"binary-expr","locations":[{"start":{"line":233,"column":15},"end":{"line":233,"column":29}},{"start":{"line":234,"column":16},"end":{"line":236,"column":20}}],"line":233},"15":{"loc":{"start":{"line":260,"column":16},"end":{"line":263,"column":17}},"type":"if","locations":[{"start":{"line":260,"column":16},"end":{"line":263,"column":17}},{"start":{},"end":{}}],"line":260},"16":{"loc":{"start":{"line":260,"column":20},"end":{"line":260,"column":52}},"type":"binary-expr","locations":[{"start":{"line":260,"column":20},"end":{"line":260,"column":37}},{"start":{"line":260,"column":41},"end":{"line":260,"column":52}}],"line":260},"17":{"loc":{"start":{"line":265,"column":27},"end":{"line":265,"column":98}},"type":"cond-expr","locations":[{"start":{"line":265,"column":44},"end":{"line":265,"column":77}},{"start":{"line":265,"column":80},"end":{"line":265,"column":98}}],"line":265},"18":{"loc":{"start":{"line":282,"column":24},"end":{"line":282,"column":61}},"type":"binary-expr","locations":[{"start":{"line":282,"column":24},"end":{"line":282,"column":39}},{"start":{"line":282,"column":43},"end":{"line":282,"column":61}}],"line":282},"19":{"loc":{"start":{"line":315,"column":11},"end":{"line":319,"column":11}},"type":"binary-expr","locations":[{"start":{"line":315,"column":11},"end":{"line":315,"column":25}},{"start":{"line":316,"column":12},"end":{"line":318,"column":18}}],"line":315}},"s":{"0":0,"1":0,"2":0,"3":0,"4":0,"5":0,"6":0,"7":0,"8":0,"9":0,"10":0,"11":0,"12":0,"13":0,"14":0,"15":0,"16":0,"17":0,"18":0,"19":0,"20":0,"21":0,"22":0,"23":0,"24":0,"25":0,"26":0,"27":0,"28":0,"29":0,"30":0,"31":0,"32":0,"33":0,"34":0,"35":0,"36":0,"37":0,"38":0,"39":0,"40":0,"41":0,"42":0,"43":0,"44":0,"45":0,"46":0,"47":0,"48":0,"49":0,"50":0,"51":0,"52":0,"53":0,"54":0,"55":0,"56":0,"57":0,"58":0,"59":0,"60":0,"61":0,"62":0,"63":0},"f":{"0":0,"1":0,"2":0,"3":0,"4":0,"5":0,"6":0,"7":0,"8":0,"9":0,"10":0},"b":{"0":[0,0],"1":[0,0],"2":[0,0],"3":[0,0],"4":[0,0],"5":[0,0],"6":[0,0],"7":[0,0],"8":[0,0,0],"9":[0,0],"10":[0,0],"11":[0,0],"12":[0,0],"13":[0,0],"14":[0,0],"15":[0,0],"16":[0,0],"17":[0,0],"18":[0,0],"19":[0,0]}}
,"/Users/shaheerahmad/Documents/CursorSlackClone3/src/app/providers.tsx": {"path":"/Users/shaheerahmad/Documents/CursorSlackClone3/src/app/providers.tsx","statementMap":{"0":{"start":{"line":8,"column":24},"end":{"line":18,"column":3}},"1":{"start":{"line":10,"column":6},"end":{"line":17,"column":8}},"2":{"start":{"line":20,"column":2},"end":{"line":31,"column":3}}},"fnMap":{"0":{"name":"Providers","decl":{"start":{"line":7,"column":16},"end":{"line":7,"column":25}},"loc":{"start":{"line":7,"column":71},"end":{"line":32,"column":1}},"line":7},"1":{"name":"(anonymous_1)","decl":{"start":{"line":9,"column":4},"end":{"line":9,"column":5}},"loc":{"start":{"line":10,"column":6},"end":{"line":17,"column":8}},"line":10}},"branchMap":{},"s":{"0":0,"1":0,"2":0},"f":{"0":0,"1":0},"b":{}}
,"/Users/shaheerahmad/Documents/CursorSlackClone3/src/app/(auth)/forgot-password/page.tsx": {"path":"/Users/shaheerahmad/Documents/CursorSlackClone3/src/app/(auth)/forgot-password/page.tsx","statementMap":{"0":{"start":{"line":22,"column":29},"end":{"line":24,"column":2}},"1":{"start":{"line":29,"column":36},"end":{"line":29,"column":51}},"2":{"start":{"line":30,"column":32},"end":{"line":30,"column":52}},"3":{"start":{"line":31,"column":28},"end":{"line":31,"column":48}},"4":{"start":{"line":33,"column":15},"end":{"line":38,"column":4}},"5":{"start":{"line":40,"column":23},"end":{"line":55,"column":3}},"6":{"start":{"line":41,"column":4},"end":{"line":41,"column":22}},"7":{"start":{"line":42,"column":4},"end":{"line":42,"column":18}},"8":{"start":{"line":43,"column":4},"end":{"line":43,"column":16}},"9":{"start":{"line":45,"column":4},"end":{"line":54,"column":5}},"10":{"start":{"line":46,"column":6},"end":{"line":46,"column":46}},"11":{"start":{"line":47,"column":6},"end":{"line":47,"column":62}},"12":{"start":{"line":48,"column":6},"end":{"line":48,"column":18}},"13":{"start":{"line":50,"column":6},"end":{"line":50,"column":56}},"14":{"start":{"line":51,"column":6},"end":{"line":51,"column":63}},"15":{"start":{"line":53,"column":6},"end":{"line":53,"column":25}},"16":{"start":{"line":57,"column":2},"end":{"line":187,"column":3}},"17":{"start":{"line":128,"column":18},"end":{"line":148,"column":29}}},"fnMap":{"0":{"name":"ForgotPasswordPage","decl":{"start":{"line":28,"column":24},"end":{"line":28,"column":42}},"loc":{"start":{"line":28,"column":45},"end":{"line":188,"column":1}},"line":28},"1":{"name":"(anonymous_1)","decl":{"start":{"line":40,"column":23},"end":{"line":40,"column":24}},"loc":{"start":{"line":40,"column":61},"end":{"line":55,"column":3}},"line":40},"2":{"name":"(anonymous_2)","decl":{"start":{"line":127,"column":24},"end":{"line":127,"column":25}},"loc":{"start":{"line":128,"column":18},"end":{"line":148,"column":29}},"line":128}},"branchMap":{"0":{"loc":{"start":{"line":93,"column":9},"end":{"line":105,"column":9}},"type":"binary-expr","locations":[{"start":{"line":93,"column":9},"end":{"line":93,"column":16}},{"start":{"line":94,"column":10},"end":{"line":104,"column":16}}],"line":93},"1":{"loc":{"start":{"line":107,"column":9},"end":{"line":119,"column":9}},"type":"binary-expr","locations":[{"start":{"line":107,"column":9},"end":{"line":107,"column":14}},{"start":{"line":108,"column":10},"end":{"line":118,"column":16}}],"line":107},"2":{"loc":{"start":{"line":164,"column":17},"end":{"line":164,"column":80}},"type":"binary-expr","locations":[{"start":{"line":164,"column":17},"end":{"line":164,"column":26}},{"start":{"line":164,"column":30},"end":{"line":164,"column":80}}],"line":164}},"s":{"0":0,"1":0,"2":0,"3":0,"4":0,"5":0,"6":0,"7":0,"8":0,"9":0,"10":0,"11":0,"12":0,"13":0,"14":0,"15":0,"16":0,"17":0},"f":{"0":0,"1":0,"2":0},"b":{"0":[0,0],"1":[0,0],"2":[0,0]}}
,"/Users/shaheerahmad/Documents/CursorSlackClone3/src/app/(auth)/reset-password/page.tsx": {"path":"/Users/shaheerahmad/Documents/CursorSlackClone3/src/app/(auth)/reset-password/page.tsx","statementMap":{"0":{"start":{"line":22,"column":28},"end":{"line":33,"column":4}},"1":{"start":{"line":30,"column":20},"end":{"line":30,"column":58}},"2":{"start":{"line":38,"column":17},"end":{"line":38,"column":28}},"3":{"start":{"line":39,"column":36},"end":{"line":39,"column":51}},"4":{"start":{"line":40,"column":28},"end":{"line":40,"column":48}},"5":{"start":{"line":42,"column":15},"end":{"line":48,"column":4}},"6":{"start":{"line":50,"column":23},"end":{"line":63,"column":3}},"7":{"start":{"line":51,"column":4},"end":{"line":51,"column":22}},"8":{"start":{"line":52,"column":4},"end":{"line":52,"column":16}},"9":{"start":{"line":54,"column":4},"end":{"line":62,"column":5}},"10":{"start":{"line":55,"column":6},"end":{"line":55,"column":40}},"11":{"start":{"line":56,"column":6},"end":{"line":56,"column":63}},"12":{"start":{"line":58,"column":6},"end":{"line":58,"column":61}},"13":{"start":{"line":59,"column":6},"end":{"line":59,"column":26}},"14":{"start":{"line":61,"column":6},"end":{"line":61,"column":25}},"15":{"start":{"line":65,"column":2},"end":{"line":193,"column":3}},"16":{"start":{"line":122,"column":18},"end":{"line":142,"column":29}},"17":{"start":{"line":149,"column":18},"end":{"line":169,"column":29}}},"fnMap":{"0":{"name":"(anonymous_0)","decl":{"start":{"line":30,"column":10},"end":{"line":30,"column":11}},"loc":{"start":{"line":30,"column":20},"end":{"line":30,"column":58}},"line":30},"1":{"name":"ResetPasswordPage","decl":{"start":{"line":37,"column":24},"end":{"line":37,"column":41}},"loc":{"start":{"line":37,"column":44},"end":{"line":194,"column":1}},"line":37},"2":{"name":"(anonymous_2)","decl":{"start":{"line":50,"column":23},"end":{"line":50,"column":24}},"loc":{"start":{"line":50,"column":60},"end":{"line":63,"column":3}},"line":50},"3":{"name":"(anonymous_3)","decl":{"start":{"line":121,"column":24},"end":{"line":121,"column":25}},"loc":{"start":{"line":122,"column":18},"end":{"line":142,"column":29}},"line":122},"4":{"name":"(anonymous_4)","decl":{"start":{"line":148,"column":24},"end":{"line":148,"column":25}},"loc":{"start":{"line":149,"column":18},"end":{"line":169,"column":29}},"line":149}},"branchMap":{"0":{"loc":{"start":{"line":101,"column":9},"end":{"line":113,"column":9}},"type":"binary-expr","locations":[{"start":{"line":101,"column":9},"end":{"line":101,"column":14}},{"start":{"line":102,"column":10},"end":{"line":112,"column":16}}],"line":101},"1":{"loc":{"start":{"line":185,"column":17},"end":{"line":185,"column":80}},"type":"binary-expr","locations":[{"start":{"line":185,"column":17},"end":{"line":185,"column":26}},{"start":{"line":185,"column":30},"end":{"line":185,"column":80}}],"line":185}},"s":{"0":0,"1":0,"2":0,"3":0,"4":0,"5":0,"6":0,"7":0,"8":0,"9":0,"10":0,"11":0,"12":0,"13":0,"14":0,"15":0,"16":0,"17":0},"f":{"0":0,"1":0,"2":0,"3":0,"4":0},"b":{"0":[0,0],"1":[0,0]}}
,"/Users/shaheerahmad/Documents/CursorSlackClone3/src/app/(auth)/sign-in/page.tsx": {"path":"/Users/shaheerahmad/Documents/CursorSlackClone3/src/app/(auth)/sign-in/page.tsx","statementMap":{"0":{"start":{"line":10,"column":23},"end":{"line":10,"column":38}},"1":{"start":{"line":11,"column":23},"end":{"line":11,"column":29}},"2":{"start":{"line":14,"column":21},"end":{"line":14,"column":51}},"3":{"start":{"line":14,"column":36},"end":{"line":14,"column":50}},"4":{"start":{"line":15,"column":28},"end":{"line":15,"column":48}},"5":{"start":{"line":16,"column":23},"end":{"line":16,"column":40}},"6":{"start":{"line":17,"column":18},"end":{"line":17,"column":45}},"7":{"start":{"line":19,"column":23},"end":{"line":36,"column":3}},"8":{"start":{"line":20,"column":4},"end":{"line":35,"column":5}},"9":{"start":{"line":21,"column":37},"end":{"line":24,"column":8}},"10":{"start":{"line":26,"column":6},"end":{"line":29,"column":7}},"11":{"start":{"line":27,"column":8},"end":{"line":27,"column":37}},"12":{"start":{"line":28,"column":8},"end":{"line":28,"column":14}},"13":{"start":{"line":31,"column":6},"end":{"line":31,"column":32}},"14":{"start":{"line":33,"column":6},"end":{"line":33,"column":65}},"15":{"start":{"line":34,"column":6},"end":{"line":34,"column":24}},"16":{"start":{"line":38,"column":2},"end":{"line":138,"column":3}}},"fnMap":{"0":{"name":"SignInPage","decl":{"start":{"line":13,"column":24},"end":{"line":13,"column":34}},"loc":{"start":{"line":13,"column":37},"end":{"line":139,"column":1}},"line":13},"1":{"name":"(anonymous_1)","decl":{"start":{"line":14,"column":30},"end":{"line":14,"column":31}},"loc":{"start":{"line":14,"column":36},"end":{"line":14,"column":50}},"line":14},"2":{"name":"(anonymous_2)","decl":{"start":{"line":19,"column":23},"end":{"line":19,"column":24}},"loc":{"start":{"line":19,"column":44},"end":{"line":36,"column":3}},"line":19}},"branchMap":{"0":{"loc":{"start":{"line":26,"column":6},"end":{"line":29,"column":7}},"type":"if","locations":[{"start":{"line":26,"column":6},"end":{"line":29,"column":7}},{"start":{},"end":{}}],"line":26},"1":{"loc":{"start":{"line":74,"column":9},"end":{"line":86,"column":9}},"type":"binary-expr","locations":[{"start":{"line":74,"column":9},"end":{"line":74,"column":16}},{"start":{"line":75,"column":10},"end":{"line":85,"column":16}}],"line":74},"2":{"loc":{"start":{"line":88,"column":9},"end":{"line":100,"column":9}},"type":"binary-expr","locations":[{"start":{"line":88,"column":9},"end":{"line":88,"column":14}},{"start":{"line":89,"column":10},"end":{"line":99,"column":16}}],"line":88}},"s":{"0":0,"1":0,"2":0,"3":0,"4":0,"5":0,"6":0,"7":0,"8":0,"9":0,"10":0,"11":0,"12":0,"13":0,"14":0,"15":0,"16":0},"f":{"0":0,"1":0,"2":0},"b":{"0":[0,0],"1":[0,0],"2":[0,0]}}
,"/Users/shaheerahmad/Documents/CursorSlackClone3/src/app/(auth)/sign-up/page.tsx": {"path":"/Users/shaheerahmad/Documents/CursorSlackClone3/src/app/(auth)/sign-up/page.tsx","statementMap":{"0":{"start":{"line":10,"column":19},"end":{"line":10,"column":33}},"1":{"start":{"line":11,"column":32},"end":{"line":11,"column":52}},"2":{"start":{"line":12,"column":28},"end":{"line":12,"column":48}},"3":{"start":{"line":14,"column":23},"end":{"line":43,"column":3}},"4":{"start":{"line":15,"column":4},"end":{"line":42,"column":5}},"5":{"start":{"line":16,"column":55},"end":{"line":25,"column":8}},"6":{"start":{"line":27,"column":6},"end":{"line":30,"column":7}},"7":{"start":{"line":28,"column":8},"end":{"line":28,"column":37}},"8":{"start":{"line":29,"column":8},"end":{"line":29,"column":14}},"9":{"start":{"line":33,"column":6},"end":{"line":36,"column":7}},"10":{"start":{"line":34,"column":8},"end":{"line":34,"column":77}},"11":{"start":{"line":35,"column":8},"end":{"line":35,"column":14}},"12":{"start":{"line":38,"column":6},"end":{"line":38,"column":98}},"13":{"start":{"line":40,"column":6},"end":{"line":40,"column":65}},"14":{"start":{"line":41,"column":6},"end":{"line":41,"column":24}},"15":{"start":{"line":45,"column":2},"end":{"line":129,"column":3}}},"fnMap":{"0":{"name":"SignUpPage","decl":{"start":{"line":9,"column":24},"end":{"line":9,"column":34}},"loc":{"start":{"line":9,"column":37},"end":{"line":130,"column":1}},"line":9},"1":{"name":"(anonymous_1)","decl":{"start":{"line":14,"column":23},"end":{"line":14,"column":24}},"loc":{"start":{"line":14,"column":44},"end":{"line":43,"column":3}},"line":14}},"branchMap":{"0":{"loc":{"start":{"line":27,"column":6},"end":{"line":30,"column":7}},"type":"if","locations":[{"start":{"line":27,"column":6},"end":{"line":30,"column":7}},{"start":{},"end":{}}],"line":27},"1":{"loc":{"start":{"line":33,"column":6},"end":{"line":36,"column":7}},"type":"if","locations":[{"start":{"line":33,"column":6},"end":{"line":36,"column":7}},{"start":{},"end":{}}],"line":33},"2":{"loc":{"start":{"line":81,"column":9},"end":{"line":93,"column":9}},"type":"binary-expr","locations":[{"start":{"line":81,"column":9},"end":{"line":81,"column":16}},{"start":{"line":82,"column":10},"end":{"line":92,"column":16}}],"line":81},"3":{"loc":{"start":{"line":95,"column":9},"end":{"line":107,"column":9}},"type":"binary-expr","locations":[{"start":{"line":95,"column":9},"end":{"line":95,"column":14}},{"start":{"line":96,"column":10},"end":{"line":106,"column":16}}],"line":95}},"s":{"0":0,"1":0,"2":0,"3":0,"4":0,"5":0,"6":0,"7":0,"8":0,"9":0,"10":0,"11":0,"12":0,"13":0,"14":0,"15":0},"f":{"0":0,"1":0},"b":{"0":[0,0],"1":[0,0],"2":[0,0],"3":[0,0]}}
,"/Users/shaheerahmad/Documents/CursorSlackClone3/src/app/ai-chat/page.tsx": {"path":"/Users/shaheerahmad/Documents/CursorSlackClone3/src/app/ai-chat/page.tsx","statementMap":{"0":{"start":{"line":7,"column":19},"end":{"line":7,"column":59}},"1":{"start":{"line":8,"column":32},"end":{"line":8,"column":64}},"2":{"start":{"line":10,"column":2},"end":{"line":12,"column":3}},"3":{"start":{"line":11,"column":4},"end":{"line":11,"column":24}},"4":{"start":{"line":14,"column":2},"end":{"line":18,"column":3}}},"fnMap":{"0":{"name":"AIChatPage","decl":{"start":{"line":6,"column":30},"end":{"line":6,"column":40}},"loc":{"start":{"line":6,"column":43},"end":{"line":19,"column":1}},"line":6}},"branchMap":{"0":{"loc":{"start":{"line":10,"column":2},"end":{"line":12,"column":3}},"type":"if","locations":[{"start":{"line":10,"column":2},"end":{"line":12,"column":3}},{"start":{},"end":{}}],"line":10}},"s":{"0":0,"1":0,"2":0,"3":0,"4":0},"f":{"0":0},"b":{"0":[0,0]}}
,"/Users/shaheerahmad/Documents/CursorSlackClone3/src/app/api/ai-chat/messages/route.ts": {"path":"/Users/shaheerahmad/Documents/CursorSlackClone3/src/app/api/ai-chat/messages/route.ts","statementMap":{"0":{"start":{"line":8,"column":15},"end":{"line":10,"column":2}},"1":{"start":{"line":12,"column":17},"end":{"line":12,"column":31}},"2":{"start":{"line":14,"column":22},"end":{"line":32,"column":153}},"3":{"start":{"line":35,"column":2},"end":{"line":123,"column":3}},"4":{"start":{"line":36,"column":21},"end":{"line":36,"column":58}},"5":{"start":{"line":39,"column":8},"end":{"line":39,"column":37}},"6":{"start":{"line":41,"column":4},"end":{"line":43,"column":5}},"7":{"start":{"line":42,"column":6},"end":{"line":42,"column":75}},"8":{"start":{"line":45,"column":61},"end":{"line":45,"column":77}},"9":{"start":{"line":46,"column":24},"end":{"line":46,"column":53}},"10":{"start":{"line":49,"column":27},"end":{"line":52,"column":6}},"11":{"start":{"line":55,"column":18},"end":{"line":55,"column":55}},"12":{"start":{"line":56,"column":26},"end":{"line":64,"column":6}},"13":{"start":{"line":67,"column":37},"end":{"line":77,"column":7}},"14":{"start":{"line":67,"column":75},"end":{"line":77,"column":5}},"15":{"start":{"line":80,"column":32},"end":{"line":83,"column":7}},"16":{"start":{"line":80,"column":60},"end":{"line":83,"column":5}},"17":{"start":{"line":86,"column":29},"end":{"line":89,"column":5}},"18":{"start":{"line":92,"column":4},"end":{"line":103,"column":5}},"19":{"start":{"line":93,"column":29},"end":{"line":101,"column":7}},"20":{"start":{"line":98,"column":14},"end":{"line":98,"column":94}},"21":{"start":{"line":102,"column":6},"end":{"line":102,"column":52}},"22":{"start":{"line":106,"column":21},"end":{"line":111,"column":6}},"23":{"start":{"line":113,"column":4},"end":{"line":116,"column":7}},"24":{"start":{"line":118,"column":4},"end":{"line":118,"column":43}},"25":{"start":{"line":119,"column":4},"end":{"line":122,"column":6}}},"fnMap":{"0":{"name":"POST","decl":{"start":{"line":34,"column":22},"end":{"line":34,"column":26}},"loc":{"start":{"line":34,"column":41},"end":{"line":124,"column":1}},"line":34},"1":{"name":"(anonymous_1)","decl":{"start":{"line":67,"column":63},"end":{"line":67,"column":64}},"loc":{"start":{"line":67,"column":75},"end":{"line":77,"column":5}},"line":67},"2":{"name":"(anonymous_2)","decl":{"start":{"line":80,"column":45},"end":{"line":80,"column":46}},"loc":{"start":{"line":80,"column":60},"end":{"line":83,"column":5}},"line":80},"3":{"name":"(anonymous_3)","decl":{"start":{"line":97,"column":12},"end":{"line":97,"column":13}},"loc":{"start":{"line":98,"column":14},"end":{"line":98,"column":94}},"line":98}},"branchMap":{"0":{"loc":{"start":{"line":41,"column":4},"end":{"line":43,"column":5}},"type":"if","locations":[{"start":{"line":41,"column":4},"end":{"line":43,"column":5}},{"start":{},"end":{}}],"line":41},"1":{"loc":{"start":{"line":81,"column":12},"end":{"line":81,"column":43}},"type":"cond-expr","locations":[{"start":{"line":81,"column":23},"end":{"line":81,"column":34}},{"start":{"line":81,"column":37},"end":{"line":81,"column":43}}],"line":81},"2":{"loc":{"start":{"line":92,"column":4},"end":{"line":103,"column":5}},"type":"if","locations":[{"start":{"line":92,"column":4},"end":{"line":103,"column":5}},{"start":{},"end":{}}],"line":92},"3":{"loc":{"start":{"line":115,"column":15},"end":{"line":115,"column":55}},"type":"cond-expr","locations":[{"start":{"line":115,"column":36},"end":{"line":115,"column":43}},{"start":{"line":115,"column":46},"end":{"line":115,"column":55}}],"line":115}},"s":{"0":0,"1":0,"2":0,"3":0,"4":0,"5":0,"6":0,"7":0,"8":0,"9":0,"10":0,"11":0,"12":0,"13":0,"14":0,"15":0,"16":0,"17":0,"18":0,"19":0,"20":0,"21":0,"22":0,"23":0,"24":0,"25":0},"f":{"0":0,"1":0,"2":0,"3":0},"b":{"0":[0,0],"1":[0,0],"2":[0,0],"3":[0,0]}}
,"/Users/shaheerahmad/Documents/CursorSlackClone3/src/app/api/channels/route.ts": {"path":"/Users/shaheerahmad/Documents/CursorSlackClone3/src/app/api/channels/route.ts","statementMap":{"0":{"start":{"line":6,"column":2},"end":{"line":52,"column":3}},"1":{"start":{"line":7,"column":24},"end":{"line":7,"column":33}},"2":{"start":{"line":9,"column":21},"end":{"line":19,"column":5}},"3":{"start":{"line":15,"column":12},"end":{"line":15,"column":47}},"4":{"start":{"line":25,"column":8},"end":{"line":25,"column":37}},"5":{"start":{"line":26,"column":4},"end":{"line":26,"column":34}},"6":{"start":{"line":26,"column":19},"end":{"line":26,"column":34}},"7":{"start":{"line":27,"column":4},"end":{"line":27,"column":56}},"8":{"start":{"line":27,"column":15},"end":{"line":27,"column":56}},"9":{"start":{"line":30,"column":38},"end":{"line":38,"column":47}},"10":{"start":{"line":40,"column":4},"end":{"line":40,"column":26}},"11":{"start":{"line":40,"column":15},"end":{"line":40,"column":26}},"12":{"start":{"line":42,"column":4},"end":{"line":48,"column":6}},"13":{"start":{"line":44,"column":39},"end":{"line":47,"column":7}},"14":{"start":{"line":50,"column":4},"end":{"line":50,"column":52}},"15":{"start":{"line":51,"column":4},"end":{"line":51,"column":100}},"16":{"start":{"line":56,"column":2},"end":{"line":97,"column":3}},"17":{"start":{"line":57,"column":34},"end":{"line":57,"column":50}},"18":{"start":{"line":58,"column":24},"end":{"line":58,"column":33}},"19":{"start":{"line":60,"column":21},"end":{"line":70,"column":5}},"20":{"start":{"line":66,"column":12},"end":{"line":66,"column":47}},"21":{"start":{"line":76,"column":8},"end":{"line":76,"column":37}},"22":{"start":{"line":77,"column":4},"end":{"line":77,"column":34}},"23":{"start":{"line":77,"column":19},"end":{"line":77,"column":34}},"24":{"start":{"line":78,"column":4},"end":{"line":78,"column":56}},"25":{"start":{"line":78,"column":15},"end":{"line":78,"column":56}},"26":{"start":{"line":81,"column":37},"end":{"line":89,"column":15}},"27":{"start":{"line":91,"column":4},"end":{"line":91,"column":26}},"28":{"start":{"line":91,"column":15},"end":{"line":91,"column":26}},"29":{"start":{"line":93,"column":4},"end":{"line":93,"column":62}},"30":{"start":{"line":95,"column":4},"end":{"line":95,"column":51}},"31":{"start":{"line":96,"column":4},"end":{"line":96,"column":100}},"32":{"start":{"line":101,"column":2},"end":{"line":152,"column":3}},"33":{"start":{"line":102,"column":29},"end":{"line":102,"column":45}},"34":{"start":{"line":103,"column":22},"end":{"line":103,"column":44}},"35":{"start":{"line":105,"column":4},"end":{"line":107,"column":5}},"36":{"start":{"line":106,"column":6},"end":{"line":106,"column":100}},"37":{"start":{"line":109,"column":24},"end":{"line":109,"column":33}},"38":{"start":{"line":111,"column":21},"end":{"line":121,"column":5}},"39":{"start":{"line":117,"column":12},"end":{"line":117,"column":47}},"40":{"start":{"line":127,"column":8},"end":{"line":127,"column":37}},"41":{"start":{"line":128,"column":4},"end":{"line":128,"column":34}},"42":{"start":{"line":128,"column":19},"end":{"line":128,"column":34}},"43":{"start":{"line":129,"column":4},"end":{"line":129,"column":56}},"44":{"start":{"line":129,"column":15},"end":{"line":129,"column":56}},"45":{"start":{"line":132,"column":51},"end":{"line":136,"column":15}},"46":{"start":{"line":138,"column":4},"end":{"line":138,"column":40}},"47":{"start":{"line":138,"column":22},"end":{"line":138,"column":40}},"48":{"start":{"line":139,"column":4},"end":{"line":141,"column":5}},"49":{"start":{"line":140,"column":6},"end":{"line":140,"column":90}},"50":{"start":{"line":144,"column":22},"end":{"line":144,"column":82}},"51":{"start":{"line":146,"column":4},"end":{"line":146,"column":26}},"52":{"start":{"line":146,"column":15},"end":{"line":146,"column":26}},"53":{"start":{"line":148,"column":4},"end":{"line":148,"column":47}},"54":{"start":{"line":150,"column":4},"end":{"line":150,"column":51}},"55":{"start":{"line":151,"column":4},"end":{"line":151,"column":100}}},"fnMap":{"0":{"name":"GET","decl":{"start":{"line":5,"column":22},"end":{"line":5,"column":25}},"loc":{"start":{"line":5,"column":28},"end":{"line":53,"column":1}},"line":5},"1":{"name":"(anonymous_1)","decl":{"start":{"line":14,"column":10},"end":{"line":14,"column":11}},"loc":{"start":{"line":14,"column":28},"end":{"line":16,"column":11}},"line":14},"2":{"name":"(anonymous_2)","decl":{"start":{"line":44,"column":25},"end":{"line":44,"column":26}},"loc":{"start":{"line":44,"column":39},"end":{"line":47,"column":7}},"line":44},"3":{"name":"POST","decl":{"start":{"line":55,"column":22},"end":{"line":55,"column":26}},"loc":{"start":{"line":55,"column":41},"end":{"line":98,"column":1}},"line":55},"4":{"name":"(anonymous_4)","decl":{"start":{"line":65,"column":10},"end":{"line":65,"column":11}},"loc":{"start":{"line":65,"column":28},"end":{"line":67,"column":11}},"line":65},"5":{"name":"DELETE","decl":{"start":{"line":100,"column":22},"end":{"line":100,"column":28}},"loc":{"start":{"line":100,"column":43},"end":{"line":153,"column":1}},"line":100},"6":{"name":"(anonymous_6)","decl":{"start":{"line":116,"column":10},"end":{"line":116,"column":11}},"loc":{"start":{"line":116,"column":28},"end":{"line":118,"column":11}},"line":116}},"branchMap":{"0":{"loc":{"start":{"line":26,"column":4},"end":{"line":26,"column":34}},"type":"if","locations":[{"start":{"line":26,"column":4},"end":{"line":26,"column":34}},{"start":{},"end":{}}],"line":26},"1":{"loc":{"start":{"line":27,"column":4},"end":{"line":27,"column":56}},"type":"if","locations":[{"start":{"line":27,"column":4},"end":{"line":27,"column":56}},{"start":{},"end":{}}],"line":27},"2":{"loc":{"start":{"line":40,"column":4},"end":{"line":40,"column":26}},"type":"if","locations":[{"start":{"line":40,"column":4},"end":{"line":40,"column":26}},{"start":{},"end":{}}],"line":40},"3":{"loc":{"start":{"line":46,"column":22},"end":{"line":46,"column":53}},"type":"binary-expr","locations":[{"start":{"line":46,"column":22},"end":{"line":46,"column":48}},{"start":{"line":46,"column":52},"end":{"line":46,"column":53}}],"line":46},"4":{"loc":{"start":{"line":77,"column":4},"end":{"line":77,"column":34}},"type":"if","locations":[{"start":{"line":77,"column":4},"end":{"line":77,"column":34}},{"start":{},"end":{}}],"line":77},"5":{"loc":{"start":{"line":78,"column":4},"end":{"line":78,"column":56}},"type":"if","locations":[{"start":{"line":78,"column":4},"end":{"line":78,"column":56}},{"start":{},"end":{}}],"line":78},"6":{"loc":{"start":{"line":91,"column":4},"end":{"line":91,"column":26}},"type":"if","locations":[{"start":{"line":91,"column":4},"end":{"line":91,"column":26}},{"start":{},"end":{}}],"line":91},"7":{"loc":{"start":{"line":105,"column":4},"end":{"line":107,"column":5}},"type":"if","locations":[{"start":{"line":105,"column":4},"end":{"line":107,"column":5}},{"start":{},"end":{}}],"line":105},"8":{"loc":{"start":{"line":128,"column":4},"end":{"line":128,"column":34}},"type":"if","locations":[{"start":{"line":128,"column":4},"end":{"line":128,"column":34}},{"start":{},"end":{}}],"line":128},"9":{"loc":{"start":{"line":129,"column":4},"end":{"line":129,"column":56}},"type":"if","locations":[{"start":{"line":129,"column":4},"end":{"line":129,"column":56}},{"start":{},"end":{}}],"line":129},"10":{"loc":{"start":{"line":138,"column":4},"end":{"line":138,"column":40}},"type":"if","locations":[{"start":{"line":138,"column":4},"end":{"line":138,"column":40}},{"start":{},"end":{}}],"line":138},"11":{"loc":{"start":{"line":139,"column":4},"end":{"line":141,"column":5}},"type":"if","locations":[{"start":{"line":139,"column":4},"end":{"line":141,"column":5}},{"start":{},"end":{}}],"line":139},"12":{"loc":{"start":{"line":146,"column":4},"end":{"line":146,"column":26}},"type":"if","locations":[{"start":{"line":146,"column":4},"end":{"line":146,"column":26}},{"start":{},"end":{}}],"line":146}},"s":{"0":0,"1":0,"2":0,"3":0,"4":0,"5":0,"6":0,"7":0,"8":0,"9":0,"10":0,"11":0,"12":0,"13":0,"14":0,"15":0,"16":0,"17":0,"18":0,"19":0,"20":0,"21":0,"22":0,"23":0,"24":0,"25":0,"26":0,"27":0,"28":0,"29":0,"30":0,"31":0,"32":0,"33":0,"34":0,"35":0,"36":0,"37":0,"38":0,"39":0,"40":0,"41":0,"42":0,"43":0,"44":0,"45":0,"46":0,"47":0,"48":0,"49":0,"50":0,"51":0,"52":0,"53":0,"54":0,"55":0},"f":{"0":0,"1":0,"2":0,"3":0,"4":0,"5":0,"6":0},"b":{"0":[0,0],"1":[0,0],"2":[0,0],"3":[0,0],"4":[0,0],"5":[0,0],"6":[0,0],"7":[0,0],"8":[0,0],"9":[0,0],"10":[0,0],"11":[0,0],"12":[0,0]}}
,"/Users/shaheerahmad/Documents/CursorSlackClone3/src/app/api/conversations/[id]/messages/route.ts": {"path":"/Users/shaheerahmad/Documents/CursorSlackClone3/src/app/api/conversations/[id]/messages/route.ts","statementMap":{"0":{"start":{"line":49,"column":2},"end":{"line":151,"column":3}},"1":{"start":{"line":50,"column":21},"end":{"line":50,"column":58}},"2":{"start":{"line":51,"column":29},"end":{"line":51,"column":45}},"3":{"start":{"line":52,"column":29},"end":{"line":52,"column":73}},"4":{"start":{"line":55,"column":4},"end":{"line":60,"column":5}},"5":{"start":{"line":56,"column":6},"end":{"line":59,"column":7}},"6":{"start":{"line":66,"column":8},"end":{"line":66,"column":37}},"7":{"start":{"line":67,"column":4},"end":{"line":69,"column":5}},"8":{"start":{"line":68,"column":6},"end":{"line":68,"column":74}},"9":{"start":{"line":72,"column":20},"end":{"line":72,"column":25}},"10":{"start":{"line":73,"column":4},"end":{"line":89,"column":5}},"11":{"start":{"line":74,"column":32},"end":{"line":78,"column":17}},"12":{"start":{"line":79,"column":6},"end":{"line":79,"column":27}},"13":{"start":{"line":81,"column":37},"end":{"line":87,"column":17}},"14":{"start":{"line":88,"column":6},"end":{"line":88,"column":32}},"15":{"start":{"line":91,"column":4},"end":{"line":96,"column":5}},"16":{"start":{"line":92,"column":6},"end":{"line":95,"column":7}},"17":{"start":{"line":99,"column":38},"end":{"line":121,"column":16}},"18":{"start":{"line":123,"column":4},"end":{"line":128,"column":5}},"19":{"start":{"line":124,"column":6},"end":{"line":127,"column":7}},"20":{"start":{"line":131,"column":32},"end":{"line":139,"column":7}},"21":{"start":{"line":131,"column":59},"end":{"line":139,"column":5}},"22":{"start":{"line":141,"column":4},"end":{"line":144,"column":6}},"23":{"start":{"line":146,"column":4},"end":{"line":146,"column":74}},"24":{"start":{"line":147,"column":4},"end":{"line":150,"column":5}},"25":{"start":{"line":180,"column":2},"end":{"line":312,"column":3}},"26":{"start":{"line":181,"column":21},"end":{"line":181,"column":58}},"27":{"start":{"line":182,"column":29},"end":{"line":182,"column":45}},"28":{"start":{"line":183,"column":29},"end":{"line":183,"column":73}},"29":{"start":{"line":186,"column":4},"end":{"line":191,"column":5}},"30":{"start":{"line":187,"column":6},"end":{"line":190,"column":7}},"31":{"start":{"line":197,"column":8},"end":{"line":197,"column":37}},"32":{"start":{"line":198,"column":4},"end":{"line":200,"column":5}},"33":{"start":{"line":199,"column":6},"end":{"line":199,"column":74}},"34":{"start":{"line":203,"column":43},"end":{"line":203,"column":59}},"35":{"start":{"line":204,"column":4},"end":{"line":209,"column":5}},"36":{"start":{"line":205,"column":6},"end":{"line":208,"column":7}},"37":{"start":{"line":212,"column":20},"end":{"line":212,"column":25}},"38":{"start":{"line":213,"column":4},"end":{"line":229,"column":5}},"39":{"start":{"line":214,"column":32},"end":{"line":218,"column":17}},"40":{"start":{"line":219,"column":6},"end":{"line":219,"column":27}},"41":{"start":{"line":221,"column":37},"end":{"line":227,"column":17}},"42":{"start":{"line":228,"column":6},"end":{"line":228,"column":32}},"43":{"start":{"line":231,"column":4},"end":{"line":236,"column":5}},"44":{"start":{"line":232,"column":6},"end":{"line":235,"column":7}},"45":{"start":{"line":239,"column":38},"end":{"line":243,"column":15}},"46":{"start":{"line":245,"column":4},"end":{"line":251,"column":5}},"47":{"start":{"line":246,"column":6},"end":{"line":250,"column":8}},"48":{"start":{"line":254,"column":37},"end":{"line":282,"column":15}},"49":{"start":{"line":284,"column":4},"end":{"line":289,"column":5}},"50":{"start":{"line":285,"column":6},"end":{"line":288,"column":7}},"51":{"start":{"line":292,"column":31},"end":{"line":300,"column":5}},"52":{"start":{"line":302,"column":4},"end":{"line":305,"column":6}},"53":{"start":{"line":307,"column":4},"end":{"line":307,"column":75}},"54":{"start":{"line":308,"column":4},"end":{"line":311,"column":5}}},"fnMap":{"0":{"name":"GET","decl":{"start":{"line":45,"column":22},"end":{"line":45,"column":25}},"loc":{"start":{"line":48,"column":2},"end":{"line":152,"column":1}},"line":48},"1":{"name":"(anonymous_1)","decl":{"start":{"line":131,"column":45},"end":{"line":131,"column":46}},"loc":{"start":{"line":131,"column":59},"end":{"line":139,"column":5}},"line":131},"2":{"name":"POST","decl":{"start":{"line":176,"column":22},"end":{"line":176,"column":26}},"loc":{"start":{"line":179,"column":2},"end":{"line":313,"column":1}},"line":179}},"branchMap":{"0":{"loc":{"start":{"line":55,"column":4},"end":{"line":60,"column":5}},"type":"if","locations":[{"start":{"line":55,"column":4},"end":{"line":60,"column":5}},{"start":{},"end":{}}],"line":55},"1":{"loc":{"start":{"line":55,"column":8},"end":{"line":55,"column":74}},"type":"binary-expr","locations":[{"start":{"line":55,"column":8},"end":{"line":55,"column":25}},{"start":{"line":55,"column":29},"end":{"line":55,"column":74}}],"line":55},"2":{"loc":{"start":{"line":67,"column":4},"end":{"line":69,"column":5}},"type":"if","locations":[{"start":{"line":67,"column":4},"end":{"line":69,"column":5}},{"start":{},"end":{}}],"line":67},"3":{"loc":{"start":{"line":67,"column":8},"end":{"line":67,"column":26}},"type":"binary-expr","locations":[{"start":{"line":67,"column":8},"end":{"line":67,"column":17}},{"start":{"line":67,"column":21},"end":{"line":67,"column":26}}],"line":67},"4":{"loc":{"start":{"line":73,"column":4},"end":{"line":89,"column":5}},"type":"if","locations":[{"start":{"line":73,"column":4},"end":{"line":89,"column":5}},{"start":{"line":80,"column":11},"end":{"line":89,"column":5}}],"line":73},"5":{"loc":{"start":{"line":91,"column":4},"end":{"line":96,"column":5}},"type":"if","locations":[{"start":{"line":91,"column":4},"end":{"line":96,"column":5}},{"start":{},"end":{}}],"line":91},"6":{"loc":{"start":{"line":123,"column":4},"end":{"line":128,"column":5}},"type":"if","locations":[{"start":{"line":123,"column":4},"end":{"line":128,"column":5}},{"start":{},"end":{}}],"line":123},"7":{"loc":{"start":{"line":133,"column":12},"end":{"line":138,"column":7}},"type":"binary-expr","locations":[{"start":{"line":133,"column":12},"end":{"line":133,"column":24}},{"start":{"line":133,"column":28},"end":{"line":138,"column":7}}],"line":133},"8":{"loc":{"start":{"line":186,"column":4},"end":{"line":191,"column":5}},"type":"if","locations":[{"start":{"line":186,"column":4},"end":{"line":191,"column":5}},{"start":{},"end":{}}],"line":186},"9":{"loc":{"start":{"line":186,"column":8},"end":{"line":186,"column":74}},"type":"binary-expr","locations":[{"start":{"line":186,"column":8},"end":{"line":186,"column":25}},{"start":{"line":186,"column":29},"end":{"line":186,"column":74}}],"line":186},"10":{"loc":{"start":{"line":198,"column":4},"end":{"line":200,"column":5}},"type":"if","locations":[{"start":{"line":198,"column":4},"end":{"line":200,"column":5}},{"start":{},"end":{}}],"line":198},"11":{"loc":{"start":{"line":198,"column":8},"end":{"line":198,"column":26}},"type":"binary-expr","locations":[{"start":{"line":198,"column":8},"end":{"line":198,"column":17}},{"start":{"line":198,"column":21},"end":{"line":198,"column":26}}],"line":198},"12":{"loc":{"start":{"line":204,"column":4},"end":{"line":209,"column":5}},"type":"if","locations":[{"start":{"line":204,"column":4},"end":{"line":209,"column":5}},{"start":{},"end":{}}],"line":204},"13":{"loc":{"start":{"line":204,"column":8},"end":{"line":204,"column":38}},"type":"binary-expr","locations":[{"start":{"line":204,"column":8},"end":{"line":204,"column":16}},{"start":{"line":204,"column":20},"end":{"line":204,"column":38}}],"line":204},"14":{"loc":{"start":{"line":213,"column":4},"end":{"line":229,"column":5}},"type":"if","locations":[{"start":{"line":213,"column":4},"end":{"line":229,"column":5}},{"start":{"line":220,"column":11},"end":{"line":229,"column":5}}],"line":213},"15":{"loc":{"start":{"line":231,"column":4},"end":{"line":236,"column":5}},"type":"if","locations":[{"start":{"line":231,"column":4},"end":{"line":236,"column":5}},{"start":{},"end":{}}],"line":231},"16":{"loc":{"start":{"line":245,"column":4},"end":{"line":251,"column":5}},"type":"if","locations":[{"start":{"line":245,"column":4},"end":{"line":251,"column":5}},{"start":{},"end":{}}],"line":245},"17":{"loc":{"start":{"line":284,"column":4},"end":{"line":289,"column":5}},"type":"if","locations":[{"start":{"line":284,"column":4},"end":{"line":289,"column":5}},{"start":{},"end":{}}],"line":284},"18":{"loc":{"start":{"line":294,"column":12},"end":{"line":299,"column":7}},"type":"binary-expr","locations":[{"start":{"line":294,"column":12},"end":{"line":294,"column":24}},{"start":{"line":294,"column":28},"end":{"line":299,"column":7}}],"line":294}},"s":{"0":0,"1":0,"2":0,"3":0,"4":0,"5":0,"6":0,"7":0,"8":0,"9":0,"10":0,"11":0,"12":0,"13":0,"14":0,"15":0,"16":0,"17":0,"18":0,"19":0,"20":0,"21":0,"22":0,"23":0,"24":0,"25":0,"26":0,"27":0,"28":0,"29":0,"30":0,"31":0,"32":0,"33":0,"34":0,"35":0,"36":0,"37":0,"38":0,"39":0,"40":0,"41":0,"42":0,"43":0,"44":0,"45":0,"46":0,"47":0,"48":0,"49":0,"50":0,"51":0,"52":0,"53":0,"54":0},"f":{"0":0,"1":0,"2":0},"b":{"0":[0,0],"1":[0,0],"2":[0,0],"3":[0,0],"4":[0,0],"5":[0,0],"6":[0,0],"7":[0,0],"8":[0,0],"9":[0,0],"10":[0,0],"11":[0,0],"12":[0,0],"13":[0,0],"14":[0,0],"15":[0,0],"16":[0,0],"17":[0,0],"18":[0,0]}}
,"/Users/shaheerahmad/Documents/CursorSlackClone3/src/app/api/dm-channels/route.ts": {"path":"/Users/shaheerahmad/Documents/CursorSlackClone3/src/app/api/dm-channels/route.ts","statementMap":{"0":{"start":{"line":11,"column":2},"end":{"line":11,"column":114}},"1":{"start":{"line":14,"column":14},"end":{"line":14,"column":30}},"2":{"start":{"line":15,"column":22},"end":{"line":15,"column":71}},"3":{"start":{"line":16,"column":2},"end":{"line":16,"column":43}},"4":{"start":{"line":20,"column":2},"end":{"line":20,"column":114}},"5":{"start":{"line":23,"column":14},"end":{"line":23,"column":30}},"6":{"start":{"line":24,"column":22},"end":{"line":24,"column":71}},"7":{"start":{"line":25,"column":2},"end":{"line":25,"column":43}}},"fnMap":{"0":{"name":"GET","decl":{"start":{"line":10,"column":22},"end":{"line":10,"column":25}},"loc":{"start":{"line":10,"column":40},"end":{"line":17,"column":1}},"line":10},"1":{"name":"POST","decl":{"start":{"line":19,"column":22},"end":{"line":19,"column":26}},"loc":{"start":{"line":19,"column":41},"end":{"line":26,"column":1}},"line":19}},"branchMap":{},"s":{"0":0,"1":0,"2":0,"3":0,"4":0,"5":0,"6":0,"7":0},"f":{"0":0,"1":0},"b":{}}
,"/Users/shaheerahmad/Documents/CursorSlackClone3/src/app/api/dm-channels/[channelId]/messages/route.ts": {"path":"/Users/shaheerahmad/Documents/CursorSlackClone3/src/app/api/dm-channels/[channelId]/messages/route.ts","statementMap":{"0":{"start":{"line":14,"column":2},"end":{"line":14,"column":149}},"1":{"start":{"line":17,"column":14},"end":{"line":17,"column":30}},"2":{"start":{"line":18,"column":22},"end":{"line":18,"column":100}},"3":{"start":{"line":19,"column":2},"end":{"line":19,"column":43}},"4":{"start":{"line":26,"column":2},"end":{"line":26,"column":149}},"5":{"start":{"line":29,"column":14},"end":{"line":29,"column":30}},"6":{"start":{"line":30,"column":22},"end":{"line":30,"column":100}},"7":{"start":{"line":31,"column":2},"end":{"line":31,"column":43}}},"fnMap":{"0":{"name":"GET","decl":{"start":{"line":10,"column":22},"end":{"line":10,"column":25}},"loc":{"start":{"line":13,"column":2},"end":{"line":20,"column":1}},"line":13},"1":{"name":"POST","decl":{"start":{"line":22,"column":22},"end":{"line":22,"column":26}},"loc":{"start":{"line":25,"column":2},"end":{"line":32,"column":1}},"line":25}},"branchMap":{},"s":{"0":0,"1":0,"2":0,"3":0,"4":0,"5":0,"6":0,"7":0},"f":{"0":0,"1":0},"b":{}}
,"/Users/shaheerahmad/Documents/CursorSlackClone3/src/app/api/messages/route.ts": {"path":"/Users/shaheerahmad/Documents/CursorSlackClone3/src/app/api/messages/route.ts","statementMap":{"0":{"start":{"line":8,"column":2},"end":{"line":8,"column":87}},"1":{"start":{"line":9,"column":19},"end":{"line":9,"column":33}},"2":{"start":{"line":11,"column":2},"end":{"line":71,"column":3}},"3":{"start":{"line":16,"column":8},"end":{"line":16,"column":37}},"4":{"start":{"line":18,"column":4},"end":{"line":20,"column":5}},"5":{"start":{"line":19,"column":6},"end":{"line":19,"column":90}},"6":{"start":{"line":22,"column":22},"end":{"line":22,"column":67}},"7":{"start":{"line":24,"column":4},"end":{"line":26,"column":5}},"8":{"start":{"line":25,"column":6},"end":{"line":25,"column":100}},"9":{"start":{"line":28,"column":38},"end":{"line":47,"column":47}},"10":{"start":{"line":49,"column":4},"end":{"line":51,"column":5}},"11":{"start":{"line":50,"column":6},"end":{"line":50,"column":17}},"12":{"start":{"line":54,"column":32},"end":{"line":62,"column":7}},"13":{"start":{"line":54,"column":59},"end":{"line":62,"column":5}},"14":{"start":{"line":64,"column":4},"end":{"line":67,"column":6}},"15":{"start":{"line":69,"column":4},"end":{"line":69,"column":34}},"16":{"start":{"line":70,"column":4},"end":{"line":70,"column":100}},"17":{"start":{"line":76,"column":2},"end":{"line":76,"column":87}},"18":{"start":{"line":77,"column":19},"end":{"line":77,"column":33}},"19":{"start":{"line":79,"column":2},"end":{"line":177,"column":3}},"20":{"start":{"line":84,"column":8},"end":{"line":84,"column":37}},"21":{"start":{"line":86,"column":4},"end":{"line":88,"column":5}},"22":{"start":{"line":87,"column":6},"end":{"line":87,"column":90}},"23":{"start":{"line":90,"column":62},"end":{"line":90,"column":82}},"24":{"start":{"line":93,"column":4},"end":{"line":95,"column":5}},"25":{"start":{"line":94,"column":6},"end":{"line":94,"column":93}},"26":{"start":{"line":97,"column":4},"end":{"line":102,"column":5}},"27":{"start":{"line":98,"column":6},"end":{"line":101,"column":7}},"28":{"start":{"line":105,"column":38},"end":{"line":109,"column":15}},"29":{"start":{"line":111,"column":4},"end":{"line":117,"column":5}},"30":{"start":{"line":112,"column":6},"end":{"line":116,"column":8}},"31":{"start":{"line":119,"column":37},"end":{"line":145,"column":15}},"32":{"start":{"line":147,"column":4},"end":{"line":149,"column":5}},"33":{"start":{"line":148,"column":6},"end":{"line":148,"column":17}},"34":{"start":{"line":152,"column":40},"end":{"line":165,"column":5}},"35":{"start":{"line":168,"column":4},"end":{"line":168,"column":48}},"36":{"start":{"line":170,"column":4},"end":{"line":173,"column":6}},"37":{"start":{"line":175,"column":4},"end":{"line":175,"column":34}},"38":{"start":{"line":176,"column":4},"end":{"line":176,"column":100}}},"fnMap":{"0":{"name":"GET","decl":{"start":{"line":7,"column":22},"end":{"line":7,"column":25}},"loc":{"start":{"line":7,"column":48},"end":{"line":72,"column":1}},"line":7},"1":{"name":"(anonymous_1)","decl":{"start":{"line":54,"column":45},"end":{"line":54,"column":46}},"loc":{"start":{"line":54,"column":59},"end":{"line":62,"column":5}},"line":54},"2":{"name":"POST","decl":{"start":{"line":75,"column":22},"end":{"line":75,"column":26}},"loc":{"start":{"line":75,"column":49},"end":{"line":178,"column":1}},"line":75}},"branchMap":{"0":{"loc":{"start":{"line":18,"column":4},"end":{"line":20,"column":5}},"type":"if","locations":[{"start":{"line":18,"column":4},"end":{"line":20,"column":5}},{"start":{},"end":{}}],"line":18},"1":{"loc":{"start":{"line":18,"column":8},"end":{"line":18,"column":26}},"type":"binary-expr","locations":[{"start":{"line":18,"column":8},"end":{"line":18,"column":17}},{"start":{"line":18,"column":21},"end":{"line":18,"column":26}}],"line":18},"2":{"loc":{"start":{"line":24,"column":4},"end":{"line":26,"column":5}},"type":"if","locations":[{"start":{"line":24,"column":4},"end":{"line":26,"column":5}},{"start":{},"end":{}}],"line":24},"3":{"loc":{"start":{"line":49,"column":4},"end":{"line":51,"column":5}},"type":"if","locations":[{"start":{"line":49,"column":4},"end":{"line":51,"column":5}},{"start":{},"end":{}}],"line":49},"4":{"loc":{"start":{"line":56,"column":12},"end":{"line":61,"column":7}},"type":"binary-expr","locations":[{"start":{"line":56,"column":12},"end":{"line":56,"column":24}},{"start":{"line":56,"column":28},"end":{"line":61,"column":7}}],"line":56},"5":{"loc":{"start":{"line":86,"column":4},"end":{"line":88,"column":5}},"type":"if","locations":[{"start":{"line":86,"column":4},"end":{"line":88,"column":5}},{"start":{},"end":{}}],"line":86},"6":{"loc":{"start":{"line":86,"column":8},"end":{"line":86,"column":26}},"type":"binary-expr","locations":[{"start":{"line":86,"column":8},"end":{"line":86,"column":17}},{"start":{"line":86,"column":21},"end":{"line":86,"column":26}}],"line":86},"7":{"loc":{"start":{"line":93,"column":4},"end":{"line":95,"column":5}},"type":"if","locations":[{"start":{"line":93,"column":4},"end":{"line":95,"column":5}},{"start":{},"end":{}}],"line":93},"8":{"loc":{"start":{"line":97,"column":4},"end":{"line":102,"column":5}},"type":"if","locations":[{"start":{"line":97,"column":4},"end":{"line":102,"column":5}},{"start":{},"end":{}}],"line":97},"9":{"loc":{"start":{"line":97,"column":8},"end":{"line":97,"column":52}},"type":"binary-expr","locations":[{"start":{"line":97,"column":8},"end":{"line":97,"column":18}},{"start":{"line":97,"column":22},"end":{"line":97,"column":30}},{"start":{"line":97,"column":34},"end":{"line":97,"column":52}}],"line":97},"10":{"loc":{"start":{"line":111,"column":4},"end":{"line":117,"column":5}},"type":"if","locations":[{"start":{"line":111,"column":4},"end":{"line":117,"column":5}},{"start":{},"end":{}}],"line":111},"11":{"loc":{"start":{"line":147,"column":4},"end":{"line":149,"column":5}},"type":"if","locations":[{"start":{"line":147,"column":4},"end":{"line":149,"column":5}},{"start":{},"end":{}}],"line":147},"12":{"loc":{"start":{"line":159,"column":12},"end":{"line":164,"column":7}},"type":"cond-expr","locations":[{"start":{"line":159,"column":42},"end":{"line":159,"column":57}},{"start":{"line":159,"column":60},"end":{"line":164,"column":7}}],"line":159}},"s":{"0":0,"1":0,"2":0,"3":0,"4":0,"5":0,"6":0,"7":0,"8":0,"9":0,"10":0,"11":0,"12":0,"13":0,"14":0,"15":0,"16":0,"17":0,"18":0,"19":0,"20":0,"21":0,"22":0,"23":0,"24":0,"25":0,"26":0,"27":0,"28":0,"29":0,"30":0,"31":0,"32":0,"33":0,"34":0,"35":0,"36":0,"37":0,"38":0},"f":{"0":0,"1":0,"2":0},"b":{"0":[0,0],"1":[0,0],"2":[0,0],"3":[0,0],"4":[0,0],"5":[0,0],"6":[0,0],"7":[0,0],"8":[0,0],"9":[0,0,0],"10":[0,0],"11":[0,0],"12":[0,0]}}
,"/Users/shaheerahmad/Documents/CursorSlackClone3/src/app/api/rag/embed/test/route.ts": {"path":"/Users/shaheerahmad/Documents/CursorSlackClone3/src/app/api/rag/embed/test/route.ts","statementMap":{"0":{"start":{"line":6,"column":2},"end":{"line":39,"column":3}},"1":{"start":{"line":8,"column":25},"end":{"line":8,"column":50}},"2":{"start":{"line":9,"column":25},"end":{"line":9,"column":58}},"3":{"start":{"line":12,"column":29},"end":{"line":12,"column":70}},"4":{"start":{"line":15,"column":4},"end":{"line":29,"column":6}},"5":{"start":{"line":31,"column":4},"end":{"line":31,"column":49}},"6":{"start":{"line":32,"column":4},"end":{"line":38,"column":5}}},"fnMap":{"0":{"name":"GET","decl":{"start":{"line":5,"column":22},"end":{"line":5,"column":25}},"loc":{"start":{"line":5,"column":28},"end":{"line":40,"column":1}},"line":5}},"branchMap":{"0":{"loc":{"start":{"line":23,"column":23},"end":{"line":27,"column":14}},"type":"cond-expr","locations":[{"start":{"line":23,"column":56},"end":{"line":27,"column":7}},{"start":{"line":27,"column":10},"end":{"line":27,"column":14}}],"line":23},"1":{"loc":{"start":{"line":35,"column":15},"end":{"line":35,"column":80}},"type":"cond-expr","locations":[{"start":{"line":35,"column":40},"end":{"line":35,"column":53}},{"start":{"line":35,"column":56},"end":{"line":35,"column":80}}],"line":35}},"s":{"0":0,"1":0,"2":0,"3":0,"4":0,"5":0,"6":0},"f":{"0":0},"b":{"0":[0,0],"1":[0,0]}}
,"/Users/shaheerahmad/Documents/CursorSlackClone3/src/app/api/rag/pipeline/test/route.ts": {"path":"/Users/shaheerahmad/Documents/CursorSlackClone3/src/app/api/rag/pipeline/test/route.ts","statementMap":{"0":{"start":{"line":7,"column":2},"end":{"line":48,"column":3}},"1":{"start":{"line":9,"column":25},"end":{"line":9,"column":50}},"2":{"start":{"line":10,"column":25},"end":{"line":10,"column":58}},"3":{"start":{"line":13,"column":29},"end":{"line":13,"column":70}},"4":{"start":{"line":15,"column":4},"end":{"line":17,"column":5}},"5":{"start":{"line":16,"column":6},"end":{"line":16,"column":101}},"6":{"start":{"line":20,"column":27},"end":{"line":20,"column":78}},"7":{"start":{"line":22,"column":4},"end":{"line":38,"column":6}},"8":{"start":{"line":40,"column":4},"end":{"line":40,"column":48}},"9":{"start":{"line":41,"column":4},"end":{"line":47,"column":5}}},"fnMap":{"0":{"name":"GET","decl":{"start":{"line":6,"column":22},"end":{"line":6,"column":25}},"loc":{"start":{"line":6,"column":28},"end":{"line":49,"column":1}},"line":6}},"branchMap":{"0":{"loc":{"start":{"line":15,"column":4},"end":{"line":17,"column":5}},"type":"if","locations":[{"start":{"line":15,"column":4},"end":{"line":17,"column":5}},{"start":{},"end":{}}],"line":15},"1":{"loc":{"start":{"line":32,"column":18},"end":{"line":36,"column":16}},"type":"cond-expr","locations":[{"start":{"line":32,"column":51},"end":{"line":36,"column":9}},{"start":{"line":36,"column":12},"end":{"line":36,"column":16}}],"line":32},"2":{"loc":{"start":{"line":44,"column":15},"end":{"line":44,"column":80}},"type":"cond-expr","locations":[{"start":{"line":44,"column":40},"end":{"line":44,"column":53}},{"start":{"line":44,"column":56},"end":{"line":44,"column":80}}],"line":44}},"s":{"0":0,"1":0,"2":0,"3":0,"4":0,"5":0,"6":0,"7":0,"8":0,"9":0},"f":{"0":0},"b":{"0":[0,0],"1":[0,0],"2":[0,0]}}
,"/Users/shaheerahmad/Documents/CursorSlackClone3/src/app/api/rag/test/route.ts": {"path":"/Users/shaheerahmad/Documents/CursorSlackClone3/src/app/api/rag/test/route.ts","statementMap":{"0":{"start":{"line":5,"column":2},"end":{"line":26,"column":3}},"1":{"start":{"line":7,"column":19},"end":{"line":7,"column":44}},"2":{"start":{"line":9,"column":4},"end":{"line":16,"column":6}},"3":{"start":{"line":18,"column":4},"end":{"line":18,"column":43}},"4":{"start":{"line":19,"column":4},"end":{"line":25,"column":5}}},"fnMap":{"0":{"name":"GET","decl":{"start":{"line":4,"column":22},"end":{"line":4,"column":25}},"loc":{"start":{"line":4,"column":28},"end":{"line":27,"column":1}},"line":4}},"branchMap":{"0":{"loc":{"start":{"line":15,"column":21},"end":{"line":15,"column":47}},"type":"binary-expr","locations":[{"start":{"line":15,"column":21},"end":{"line":15,"column":39}},{"start":{"line":15,"column":43},"end":{"line":15,"column":47}}],"line":15},"1":{"loc":{"start":{"line":22,"column":15},"end":{"line":22,"column":80}},"type":"cond-expr","locations":[{"start":{"line":22,"column":40},"end":{"line":22,"column":53}},{"start":{"line":22,"column":56},"end":{"line":22,"column":80}}],"line":22}},"s":{"0":0,"1":0,"2":0,"3":0,"4":0},"f":{"0":0},"b":{"0":[0,0],"1":[0,0]}}
,"/Users/shaheerahmad/Documents/CursorSlackClone3/src/app/api/rag/upload/general/route.ts": {"path":"/Users/shaheerahmad/Documents/CursorSlackClone3/src/app/api/rag/upload/general/route.ts","statementMap":{"0":{"start":{"line":7,"column":2},"end":{"line":64,"column":3}},"1":{"start":{"line":8,"column":18},"end":{"line":13,"column":5}},"2":{"start":{"line":16,"column":18},"end":{"line":16,"column":22}},"3":{"start":{"line":19,"column":4},"end":{"line":48,"column":5}},"4":{"start":{"line":21,"column":27},"end":{"line":21,"column":58}},"5":{"start":{"line":23,"column":23},"end":{"line":26,"column":7}},"6":{"start":{"line":24,"column":8},"end":{"line":25,"column":97}},"7":{"start":{"line":27,"column":6},"end":{"line":27,"column":44}},"8":{"start":{"line":29,"column":6},"end":{"line":40,"column":7}},"9":{"start":{"line":31,"column":33},"end":{"line":31,"column":70}},"10":{"start":{"line":32,"column":8},"end":{"line":32,"column":69}},"11":{"start":{"line":33,"column":8},"end":{"line":33,"column":62}},"12":{"start":{"line":36,"column":8},"end":{"line":39,"column":9}},"13":{"start":{"line":37,"column":33},"end":{"line":37,"column":84}},"14":{"start":{"line":38,"column":10},"end":{"line":38,"column":55}},"15":{"start":{"line":43,"column":6},"end":{"line":43,"column":36}},"16":{"start":{"line":44,"column":6},"end":{"line":44,"column":34}},"17":{"start":{"line":47,"column":6},"end":{"line":47,"column":37}},"18":{"start":{"line":50,"column":4},"end":{"line":54,"column":6}},"19":{"start":{"line":56,"column":4},"end":{"line":56,"column":53}},"20":{"start":{"line":57,"column":4},"end":{"line":63,"column":5}}},"fnMap":{"0":{"name":"GET","decl":{"start":{"line":6,"column":22},"end":{"line":6,"column":25}},"loc":{"start":{"line":6,"column":28},"end":{"line":65,"column":1}},"line":6},"1":{"name":"(anonymous_1)","decl":{"start":{"line":23,"column":52},"end":{"line":23,"column":53}},"loc":{"start":{"line":24,"column":8},"end":{"line":25,"column":97}},"line":24}},"branchMap":{"0":{"loc":{"start":{"line":24,"column":8},"end":{"line":25,"column":97}},"type":"binary-expr","locations":[{"start":{"line":24,"column":8},"end":{"line":24,"column":36}},{"start":{"line":25,"column":9},"end":{"line":25,"column":53}},{"start":{"line":25,"column":57},"end":{"line":25,"column":96}}],"line":24},"1":{"loc":{"start":{"line":29,"column":6},"end":{"line":40,"column":7}},"type":"if","locations":[{"start":{"line":29,"column":6},"end":{"line":40,"column":7}},{"start":{},"end":{}}],"line":29},"2":{"loc":{"start":{"line":36,"column":8},"end":{"line":39,"column":9}},"type":"if","locations":[{"start":{"line":36,"column":8},"end":{"line":39,"column":9}},{"start":{},"end":{}}],"line":36},"3":{"loc":{"start":{"line":60,"column":15},"end":{"line":60,"column":80}},"type":"cond-expr","locations":[{"start":{"line":60,"column":40},"end":{"line":60,"column":53}},{"start":{"line":60,"column":56},"end":{"line":60,"column":80}}],"line":60}},"s":{"0":0,"1":0,"2":0,"3":0,"4":0,"5":0,"6":0,"7":0,"8":0,"9":0,"10":0,"11":0,"12":0,"13":0,"14":0,"15":0,"16":0,"17":0,"18":0,"19":0,"20":0},"f":{"0":0,"1":0},"b":{"0":[0,0,0],"1":[0,0],"2":[0,0],"3":[0,0]}}
,"/Users/shaheerahmad/Documents/CursorSlackClone3/src/app/api/test/route.ts": {"path":"/Users/shaheerahmad/Documents/CursorSlackClone3/src/app/api/test/route.ts","statementMap":{"0":{"start":{"line":11,"column":2},"end":{"line":51,"column":3}},"1":{"start":{"line":12,"column":37},"end":{"line":19,"column":7}},"2":{"start":{"line":21,"column":4},"end":{"line":26,"column":5}},"3":{"start":{"line":22,"column":6},"end":{"line":25,"column":25}},"4":{"start":{"line":28,"column":4},"end":{"line":33,"column":5}},"5":{"start":{"line":29,"column":6},"end":{"line":32,"column":25}},"6":{"start":{"line":36,"column":17},"end":{"line":36,"column":37}},"7":{"start":{"line":38,"column":4},"end":{"line":44,"column":6}},"8":{"start":{"line":40,"column":35},"end":{"line":43,"column":7}},"9":{"start":{"line":46,"column":4},"end":{"line":46,"column":34}},"10":{"start":{"line":47,"column":4},"end":{"line":50,"column":23}}},"fnMap":{"0":{"name":"GET","decl":{"start":{"line":10,"column":22},"end":{"line":10,"column":25}},"loc":{"start":{"line":10,"column":28},"end":{"line":52,"column":1}},"line":10},"1":{"name":"(anonymous_1)","decl":{"start":{"line":40,"column":21},"end":{"line":40,"column":22}},"loc":{"start":{"line":40,"column":35},"end":{"line":43,"column":7}},"line":40}},"branchMap":{"0":{"loc":{"start":{"line":21,"column":4},"end":{"line":26,"column":5}},"type":"if","locations":[{"start":{"line":21,"column":4},"end":{"line":26,"column":5}},{"start":{},"end":{}}],"line":21},"1":{"loc":{"start":{"line":28,"column":4},"end":{"line":33,"column":5}},"type":"if","locations":[{"start":{"line":28,"column":4},"end":{"line":33,"column":5}},{"start":{},"end":{}}],"line":28},"2":{"loc":{"start":{"line":42,"column":22},"end":{"line":42,"column":53}},"type":"binary-expr","locations":[{"start":{"line":42,"column":22},"end":{"line":42,"column":48}},{"start":{"line":42,"column":52},"end":{"line":42,"column":53}}],"line":42}},"s":{"0":0,"1":0,"2":0,"3":0,"4":0,"5":0,"6":0,"7":0,"8":0,"9":0,"10":0},"f":{"0":0,"1":0},"b":{"0":[0,0],"1":[0,0],"2":[0,0]}}
,"/Users/shaheerahmad/Documents/CursorSlackClone3/src/app/dm/[channelId]/page.tsx": {"path":"/Users/shaheerahmad/Documents/CursorSlackClone3/src/app/dm/[channelId]/page.tsx","statementMap":{"0":{"start":{"line":33,"column":2},"end":{"line":33,"column":62}},"1":{"start":{"line":37,"column":34},"end":{"line":37,"column":57}},"2":{"start":{"line":38,"column":36},"end":{"line":38,"column":50}},"3":{"start":{"line":39,"column":44},"end":{"line":39,"column":56}},"4":{"start":{"line":40,"column":38},"end":{"line":40,"column":50}},"5":{"start":{"line":41,"column":40},"end":{"line":41,"column":59}},"6":{"start":{"line":42,"column":28},"end":{"line":42,"column":58}},"7":{"start":{"line":43,"column":19},"end":{"line":43,"column":48}},"8":{"start":{"line":44,"column":17},"end":{"line":44,"column":28}},"9":{"start":{"line":47,"column":2},"end":{"line":51,"column":32}},"10":{"start":{"line":48,"column":4},"end":{"line":50,"column":5}},"11":{"start":{"line":49,"column":6},"end":{"line":49,"column":25}},"12":{"start":{"line":54,"column":2},"end":{"line":56,"column":3}},"13":{"start":{"line":55,"column":4},"end":{"line":55,"column":15}},"14":{"start":{"line":59,"column":20},"end":{"line":59,"column":46}},"15":{"start":{"line":62,"column":2},"end":{"line":70,"column":16}},"16":{"start":{"line":63,"column":22},"end":{"line":68,"column":5}},"17":{"start":{"line":66,"column":10},"end":{"line":66,"column":39}},"18":{"start":{"line":67,"column":6},"end":{"line":67,"column":26}},"19":{"start":{"line":69,"column":4},"end":{"line":69,"column":15}},"20":{"start":{"line":72,"column":2},"end":{"line":152,"column":27}},"21":{"start":{"line":73,"column":27},"end":{"line":100,"column":5}},"22":{"start":{"line":74,"column":6},"end":{"line":99,"column":7}},"23":{"start":{"line":77,"column":12},"end":{"line":77,"column":41}},"24":{"start":{"line":78,"column":8},"end":{"line":78,"column":25}},"25":{"start":{"line":78,"column":19},"end":{"line":78,"column":25}},"26":{"start":{"line":80,"column":34},"end":{"line":91,"column":19}},"27":{"start":{"line":93,"column":8},"end":{"line":96,"column":9}},"28":{"start":{"line":94,"column":28},"end":{"line":94,"column":88}},"29":{"start":{"line":95,"column":10},"end":{"line":95,"column":47}},"30":{"start":{"line":98,"column":8},"end":{"line":98,"column":58}},"31":{"start":{"line":102,"column":26},"end":{"line":115,"column":5}},"32":{"start":{"line":103,"column":6},"end":{"line":114,"column":7}},"33":{"start":{"line":104,"column":25},"end":{"line":104,"column":88}},"34":{"start":{"line":105,"column":23},"end":{"line":105,"column":44}},"35":{"start":{"line":107,"column":8},"end":{"line":109,"column":9}},"36":{"start":{"line":108,"column":10},"end":{"line":108,"column":34}},"37":{"start":{"line":111,"column":8},"end":{"line":111,"column":57}},"38":{"start":{"line":113,"column":8},"end":{"line":113,"column":27}},"39":{"start":{"line":117,"column":4},"end":{"line":117,"column":20}},"40":{"start":{"line":118,"column":4},"end":{"line":118,"column":19}},"41":{"start":{"line":121,"column":20},"end":{"line":146,"column":18}},"42":{"start":{"line":132,"column":10},"end":{"line":143,"column":11}},"43":{"start":{"line":133,"column":31},"end":{"line":133,"column":55}},"44":{"start":{"line":134,"column":12},"end":{"line":142,"column":13}},"45":{"start":{"line":135,"column":50},"end":{"line":139,"column":15}},"46":{"start":{"line":140,"column":14},"end":{"line":140,"column":66}},"47":{"start":{"line":140,"column":36},"end":{"line":140,"column":65}},"48":{"start":{"line":141,"column":14},"end":{"line":141,"column":75}},"49":{"start":{"line":148,"column":4},"end":{"line":151,"column":5}},"50":{"start":{"line":149,"column":6},"end":{"line":149,"column":37}},"51":{"start":{"line":150,"column":6},"end":{"line":150,"column":39}},"52":{"start":{"line":154,"column":28},"end":{"line":227,"column":3}},"53":{"start":{"line":155,"column":4},"end":{"line":155,"column":50}},"54":{"start":{"line":155,"column":44},"end":{"line":155,"column":50}},"55":{"start":{"line":157,"column":30},"end":{"line":157,"column":38}},"56":{"start":{"line":158,"column":27},"end":{"line":158,"column":37}},"57":{"start":{"line":159,"column":4},"end":{"line":159,"column":21}},"58":{"start":{"line":162,"column":24},"end":{"line":177,"column":5}},"59":{"start":{"line":180,"column":4},"end":{"line":180,"column":49}},"60":{"start":{"line":180,"column":26},"end":{"line":180,"column":48}},"61":{"start":{"line":182,"column":4},"end":{"line":226,"column":5}},"62":{"start":{"line":183,"column":23},"end":{"line":192,"column":8}},"63":{"start":{"line":194,"column":21},"end":{"line":194,"column":42}},"64":{"start":{"line":196,"column":6},"end":{"line":215,"column":7}},"65":{"start":{"line":198,"column":8},"end":{"line":204,"column":9}},"66":{"start":{"line":199,"column":10},"end":{"line":203,"column":11}},"67":{"start":{"line":200,"column":12},"end":{"line":202,"column":19}},"68":{"start":{"line":207,"column":8},"end":{"line":213,"column":9}},"69":{"start":{"line":208,"column":10},"end":{"line":212,"column":11}},"70":{"start":{"line":209,"column":12},"end":{"line":211,"column":19}},"71":{"start":{"line":214,"column":8},"end":{"line":214,"column":62}},"72":{"start":{"line":218,"column":6},"end":{"line":224,"column":7}},"73":{"start":{"line":219,"column":8},"end":{"line":223,"column":9}},"74":{"start":{"line":220,"column":10},"end":{"line":222,"column":17}},"75":{"start":{"line":225,"column":6},"end":{"line":225,"column":53}},"76":{"start":{"line":229,"column":2},"end":{"line":303,"column":3}},"77":{"start":{"line":263,"column":29},"end":{"line":263,"column":58}},"78":{"start":{"line":265,"column":14},"end":{"line":268,"column":15}},"79":{"start":{"line":266,"column":16},"end":{"line":266,"column":34}},"80":{"start":{"line":267,"column":16},"end":{"line":267,"column":35}}},"fnMap":{"0":{"name":"isValidChannelId","decl":{"start":{"line":32,"column":9},"end":{"line":32,"column":25}},"loc":{"start":{"line":32,"column":78},"end":{"line":34,"column":1}},"line":32},"1":{"name":"DMPage","decl":{"start":{"line":36,"column":24},"end":{"line":36,"column":30}},"loc":{"start":{"line":36,"column":56},"end":{"line":304,"column":1}},"line":36},"2":{"name":"(anonymous_2)","decl":{"start":{"line":47,"column":12},"end":{"line":47,"column":13}},"loc":{"start":{"line":47,"column":18},"end":{"line":51,"column":3}},"line":47},"3":{"name":"(anonymous_3)","decl":{"start":{"line":62,"column":12},"end":{"line":62,"column":13}},"loc":{"start":{"line":62,"column":18},"end":{"line":70,"column":3}},"line":62},"4":{"name":"(anonymous_4)","decl":{"start":{"line":63,"column":2
[...]
,"/Users/shaheerahmad/Documents/CursorSlackClone3/src/lib/rag/types.ts": {"path":"/Users/shaheerahmad/Documents/CursorSlackClone3/src/lib/rag/types.ts","statementMap":{},"fnMap":{},"branchMap":{},"s":{},"f":{},"b":{}}
,"/Users/shaheerahmad/Documents/CursorSlackClone3/src/lib/store/chat-store.ts": {"path":"/Users/shaheerahmad/Documents/CursorSlackClone3/src/lib/store/chat-store.ts","statementMap":{"0":{"start":{"line":19,"column":28},"end":{"line":68,"column":3}},"1":{"start":{"line":19,"column":56},"end":{"line":68,"column":1}},"2":{"start":{"line":23,"column":29},"end":{"line":23,"column":46}},"3":{"start":{"line":24,"column":34},"end":{"line":24,"column":66}},"4":{"start":{"line":25,"column":29},"end":{"line":25,"column":46}},"5":{"start":{"line":27,"column":4},"end":{"line":42,"column":6}},"6":{"start":{"line":29,"column":28},"end":{"line":31,"column":7}},"7":{"start":{"line":30,"column":15},"end":{"line":30,"column":68}},"8":{"start":{"line":33,"column":6},"end":{"line":38,"column":7}},"9":{"start":{"line":35,"column":32},"end":{"line":35,"column":51}},"10":{"start":{"line":36,"column":8},"end":{"line":36,"column":48}},"11":{"start":{"line":37,"column":8},"end":{"line":37,"column":44}},"12":{"start":{"line":41,"column":6},"end":{"line":41,"column":55}},"13":{"start":{"line":44,"column":4},"end":{"line":48,"column":7}},"14":{"start":{"line":44,"column":20},"end":{"line":48,"column":5}},"15":{"start":{"line":46,"column":8},"end":{"line":46,"column":79}},"16":{"start":{"line":50,"column":4},"end":{"line":52,"column":7}},"17":{"start":{"line":50,"column":20},"end":{"line":52,"column":5}},"18":{"start":{"line":51,"column":47},"end":{"line":51,"column":67}},"19":{"start":{"line":54,"column":4},"end":{"line":56,"column":7}},"20":{"start":{"line":54,"column":20},"end":{"line":56,"column":5}},"21":{"start":{"line":58,"column":4},"end":{"line":61,"column":7}},"22":{"start":{"line":58,"column":20},"end":{"line":61,"column":5}},"23":{"start":{"line":59,"column":44},"end":{"line":59,"column":79}},"24":{"start":{"line":63,"column":4},"end":{"line":67,"column":7}},"25":{"start":{"line":63,"column":20},"end":{"line":67,"column":5}},"26":{"start":{"line":64,"column":46},"end":{"line":64,"column":65}},"27":{"start":{"line":66,"column":47},"end":{"line":66,"column":75}}},"fnMap":{"0":{"name":"(anonymous_0)","decl":{"start":{"line":19,"column":46},"end":{"line":19,"column":47}},"loc":{"start":{"line":19,"column":56},"end":{"line":68,"column":1}},"line":19},"1":{"name":"(anonymous_1)","decl":{"start":{"line":23,"column":15},"end":{"line":23,"column":16}},"loc":{"start":{"line":23,"column":29},"end":{"line":23,"column":46}},"line":23},"2":{"name":"(anonymous_2)","decl":{"start":{"line":24,"column":21},"end":{"line":24,"column":22}},"loc":{"start":{"line":24,"column":34},"end":{"line":24,"column":66}},"line":24},"3":{"name":"(anonymous_3)","decl":{"start":{"line":25,"column":15},"end":{"line":25,"column":16}},"loc":{"start":{"line":25,"column":29},"end":{"line":25,"column":46}},"line":25},"4":{"name":"(anonymous_4)","decl":{"start":{"line":26,"column":14},"end":{"line":26,"column":15}},"loc":{"start":{"line":27,"column":4},"end":{"line":42,"column":6}},"line":27},"5":{"name":"(anonymous_5)","decl":{"start":{"line":27,"column":8},"end":{"line":27,"column":9}},"loc":{"start":{"line":27,"column":19},"end":{"line":42,"column":5}},"line":27},"6":{"name":"(anonymous_6)","decl":{"start":{"line":30,"column":8},"end":{"line":30,"column":9}},"loc":{"start":{"line":30,"column":15},"end":{"line":30,"column":68}},"line":30},"7":{"name":"(anonymous_7)","decl":{"start":{"line":43,"column":17},"end":{"line":43,"column":18}},"loc":{"start":{"line":44,"column":4},"end":{"line":48,"column":7}},"line":44},"8":{"name":"(anonymous_8)","decl":{"start":{"line":44,"column":8},"end":{"line":44,"column":9}},"loc":{"start":{"line":44,"column":20},"end":{"line":48,"column":5}},"line":44},"9":{"name":"(anonymous_9)","decl":{"start":{"line":45,"column":35},"end":{"line":45,"column":36}},"loc":{"start":{"line":46,"column":8},"end":{"line":46,"column":79}},"line":46},"10":{"name":"(anonymous_10)","decl":{"start":{"line":49,"column":17},"end":{"line":49,"column":18}},"loc":{"start":{"line":50,"column":4},"end":{"line":52,"column":7}},"line":50},"11":{"name":"(anonymous_11)","decl":{"start":{"line":50,"column":8},"end":{"line":50,"column":9}},"loc":{"start":{"line":50,"column":20},"end":{"line":52,"column":5}},"line":50},"12":{"name":"(anonymous_12)","decl":{"start":{"line":51,"column":38},"end":{"line":51,"column":39}},"loc":{"start":{"line":51,"column":47},"end":{"line":51,"column":67}},"line":51},"13":{"name":"(anonymous_13)","decl":{"start":{"line":53,"column":14},"end":{"line":53,"column":15}},"loc":{"start":{"line":54,"column":4},"end":{"line":56,"column":7}},"line":54},"14":{"name":"(anonymous_14)","decl":{"start":{"line":54,"column":8},"end":{"line":54,"column":9}},"loc":{"start":{"line":54,"column":20},"end":{"line":56,"column":5}},"line":54},"15":{"name":"(anonymous_15)","decl":{"start":{"line":57,"column":17},"end":{"line":57,"column":18}},"loc":{"start":{"line":58,"column":4},"end":{"line":61,"column":7}},"line":58},"16":{"name":"(anonymous_16)","decl":{"start":{"line":58,"column":8},"end":{"line":58,"column":9}},"loc":{"start":{"line":58,"column":20},"end":{"line":61,"column":5}},"line":58},"17":{"name":"(anonymous_17)","decl":{"start":{"line":59,"column":35},"end":{"line":59,"column":36}},"loc":{"start":{"line":59,"column":44},"end":{"line":59,"column":79}},"line":59},"18":{"name":"(anonymous_18)","decl":{"start":{"line":62,"column":17},"end":{"line":62,"column":18}},"loc":{"start":{"line":63,"column":4},"end":{"line":67,"column":7}},"line":63},"19":{"name":"(anonymous_19)","decl":{"start":{"line":63,"column":8},"end":{"line":63,"column":9}},"loc":{"start":{"line":63,"column":20},"end":{"line":67,"column":5}},"line":63},"20":{"name":"(anonymous_20)","decl":{"start":{"line":64,"column":38},"end":{"line":64,"column":39}},"loc":{"start":{"line":64,"column":46},"end":{"line":64,"column":65}},"line":64},"21":{"name":"(anonymous_21)","decl":{"start":{"line":66,"column":38},"end":{"line":66,"column":39}},"loc":{"start":{"line":66,"column":47},"end":{"line":66,"column":75}},"line":66}},"branchMap":{"0":{"loc":{"start":{"line":33,"column":6},"end":{"line":38,"column":7}},"type":"if","locations":[{"start":{"line":33,"column":6},"end":{"line":38,"column":7}},{"start":{},"end":{}}],"line":33},"1":{"loc":{"start":{"line":46,"column":8},"end":{"line":46,"column":79}},"type":"cond-expr","locations":[{"start":{"line":46,"column":66},"end":{"line":46,"column":73}},{"start":{"line":46,"column":76},"end":{"line":46,"column":79}}],"line":46},"2":{"loc":{"start":{"line":59,"column":44},"end":{"line":59,"column":79}},"type":"cond-expr","locations":[{"start":{"line":59,"column":67},"end":{"line":59,"column":74}},{"start":{"line":59,"column":77},"end":{"line":59,"column":79}}],"line":59},"3":{"loc":{"start":{"line":60,"column":22},"end":{"line":60,"column":94}},"type":"cond-expr","locations":[{"start":{"line":60,"column":64},"end":{"line":60,"column":71}},{"start":{"line":60,"column":74},"end":{"line":60,"column":94}}],"line":60},"4":{"loc":{"start":{"line":65,"column":22},"end":{"line":65,"column":90}},"type":"cond-expr","locations":[{"start":{"line":65,"column":63},"end":{"line":65,"column":67}},{"start":{"line":65,"column":70},"end":{"line":65,"column":90}}],"line":65}},"s":{"0":0,"1":0,"2":0,"3":0,"4":0,"5":0,"6":0,"7":0,"8":0,"9":0,"10":0,"11":0,"12":0,"13":0,"14":0,"15":0,"16":0,"17":0,"18":0,"19":0,"20":0,"21":0,"22":0,"23":0,"24":0,"25":0,"26":0,"27":0},"f":{"0":0,"1":0,"2":0,"3":0,"4":0,"5":0,"6":0,"7":0,"8":0,"9":0,"10":0,"11":0,"12":0,"13":0,"14":0,"15":0,"16":0,"17":0,"18":0,"19":0,"20":0,"21":0},"b":{"0":[0,0],"1":[0,0],"2":[0,0],"3":[0,0],"4":[0,0]}}
,"/Users/shaheerahmad/Documents/CursorSlackClone3/src/lib/store/theme-store.ts": {"path":"/Users/shaheerahmad/Documents/CursorSlackClone3/src/lib/store/theme-store.ts","statementMap":{"0":{"start":{"line":12,"column":29},"end":{"line":23,"column":1}},"1":{"start":{"line":14,"column":14},"end":{"line":18,"column":5}},"2":{"start":{"line":16,"column":25},"end":{"line":16,"column":96}},"3":{"start":{"line":16,"column":41},"end":{"line":16,"column":94}},"4":{"start":{"line":17,"column":34},"end":{"line":17,"column":48}}},"fnMap":{"0":{"name":"(anonymous_0)","decl":{"start":{"line":14,"column":4},"end":{"line":14,"column":5}},"loc":{"start":{"line":14,"column":14},"end":{"line":18,"column":5}},"line":14},"1":{"name":"(anonymous_1)","decl":{"start":{"line":16,"column":19},"end":{"line":16,"column":20}},"loc":{"start":{"line":16,"column":25},"end":{"line":16,"column":96}},"line":16},"2":{"name":"(anonymous_2)","decl":{"start":{"line":16,"column":29},"end":{"line":16,"column":30}},"loc":{"start":{"line":16,"column":41},"end":{"line":16,"column":94}},"line":16},"3":{"name":"(anonymous_3)","decl":{"start":{"line":17,"column":16},"end":{"line":17,"column":17}},"loc":{"start":{"line":17,"column":34},"end":{"line":17,"column":48}},"line":17}},"branchMap":{"0":{"loc":{"start":{"line":16,"column":50},"end":{"line":16,"column":92}},"type":"cond-expr","locations":[{"start":{"line":16,"column":76},"end":{"line":16,"column":82}},{"start":{"line":16,"column":85},"end":{"line":16,"column":92}}],"line":16}},"s":{"0":0,"1":0,"2":0,"3":0,"4":0},"f":{"0":0,"1":0,"2":0,"3":0},"b":{"0":[0,0]}}
,"/Users/shaheerahmad/Documents/CursorSlackClone3/src/lib/supabase/client.ts": {"path":"/Users/shaheerahmad/Documents/CursorSlackClone3/src/lib/supabase/client.ts","statementMap":{"0":{"start":{"line":3,"column":28},"end":{"line":7,"column":3}},"1":{"start":{"line":4,"column":2},"end":{"line":7,"column":3}}},"fnMap":{"0":{"name":"(anonymous_0)","decl":{"start":{"line":3,"column":28},"end":{"line":3,"column":29}},"loc":{"start":{"line":4,"column":2},"end":{"line":7,"column":3}},"line":4}},"branchMap":{},"s":{"0":0,"1":0},"f":{"0":0},"b":{}}
,"/Users/shaheerahmad/Documents/CursorSlackClone3/src/lib/supabase/config.ts": {"path":"/Users/shaheerahmad/Documents/CursorSlackClone3/src/lib/supabase/config.ts","statementMap":{"0":{"start":{"line":3,"column":20},"end":{"line":3,"column":56}},"1":{"start":{"line":4,"column":24},"end":{"line":4,"column":65}},"2":{"start":{"line":6,"column":0},"end":{"line":8,"column":1}},"3":{"start":{"line":7,"column":2},"end":{"line":7,"column":59}},"4":{"start":{"line":10,"column":24},"end":{"line":10,"column":66}},"5":{"start":{"line":13,"column":30},"end":{"line":23,"column":1}},"6":{"start":{"line":14,"column":2},"end":{"line":22,"column":3}},"7":{"start":{"line":15,"column":28},"end":{"line":15,"column":81}},"8":{"start":{"line":16,"column":4},"end":{"line":16,"column":26}},"9":{"start":{"line":16,"column":15},"end":{"line":16,"column":26}},"10":{"start":{"line":17,"column":4},"end":{"line":17,"column":49}},"11":{"start":{"line":18,"column":4},"end":{"line":18,"column":15}},"12":{"start":{"line":20,"column":4},"end":{"line":20,"column":57}},"13":{"start":{"line":21,"column":4},"end":{"line":21,"column":16}}},"fnMap":{"0":{"name":"(anonymous_0)","decl":{"start":{"line":13,"column":30},"end":{"line":13,"column":31}},"loc":{"start":{"line":13,"column":42},"end":{"line":23,"column":1}},"line":13}},"branchMap":{"0":{"loc":{"start":{"line":6,"column":0},"end":{"line":8,"column":1}},"type":"if","locations":[{"start":{"line":6,"column":0},"end":{"line":8,"column":1}},{"start":{},"end":{}}],"line":6},"1":{"loc":{"start":{"line":6,"column":4},"end":{"line":6,"column":36}},"type":"binary-expr","locations":[{"start":{"line":6,"column":4},"end":{"line":6,"column":16}},{"start":{"line":6,"column":20},"end":{"line":6,"column":36}}],"line":6},"2":{"loc":{"start":{"line":16,"column":4},"end":{"line":16,"column":26}},"type":"if","locations":[{"start":{"line":16,"column":4},"end":{"line":16,"column":26}},{"start":{},"end":{}}],"line":16}},"s":{"0":0,"1":0,"2":0,"3":0,"4":0,"5":0,"6":0,"7":0,"8":0,"9":0,"10":0,"11":0,"12":0,"13":0},"f":{"0":0},"b":{"0":[0,0],"1":[0,0],"2":[0,0]}}
,"/Users/shaheerahmad/Documents/CursorSlackClone3/src/lib/supabase/server.ts": {"path":"/Users/shaheerahmad/Documents/CursorSlackClone3/src/lib/supabase/server.ts","statementMap":{"0":{"start":{"line":4,"column":28},"end":{"line":18,"column":1}},"1":{"start":{"line":5,"column":22},"end":{"line":5,"column":31}},"2":{"start":{"line":7,"column":2},"end":{"line":17,"column":3}},"3":{"start":{"line":13,"column":10},"end":{"line":13,"column":45}}},"fnMap":{"0":{"name":"(anonymous_0)","decl":{"start":{"line":4,"column":28},"end":{"line":4,"column":29}},"loc":{"start":{"line":4,"column":34},"end":{"line":18,"column":1}},"line":4},"1":{"name":"(anonymous_1)","decl":{"start":{"line":12,"column":8},"end":{"line":12,"column":9}},"loc":{"start":{"line":12,"column":26},"end":{"line":14,"column":9}},"line":12}},"branchMap":{},"s":{"0":0,"1":0,"2":0,"3":0},"f":{"0":0,"1":0},"b":{}}
,"/Users/shaheerahmad/Documents/CursorSlackClone3/src/lib/supabase/subscriptions.ts": {"path":"/Users/shaheerahmad/Documents/CursorSlackClone3/src/lib/supabase/subscriptions.ts","statementMap":{"0":{"start":{"line":4,"column":37},"end":{"line":37,"column":1}},"1":{"start":{"line":10,"column":2},"end":{"line":36,"column":16}},"2":{"start":{"line":21,"column":8},"end":{"line":21,"column":46}},"3":{"start":{"line":33,"column":8},"end":{"line":33,"column":49}},"4":{"start":{"line":39,"column":35},"end":{"line":73,"column":1}},"5":{"start":{"line":46,"column":2},"end":{"line":72,"column":16}},"6":{"start":{"line":57,"column":8},"end":{"line":57,"column":44}},"7":{"start":{"line":69,"column":8},"end":{"line":69,"column":47}},"8":{"start":{"line":75,"column":39},"end":{"line":107,"column":1}},"9":{"start":{"line":81,"column":18},"end":{"line":81,"column":56}},"10":{"start":{"line":84,"column":2},"end":{"line":104,"column":6}},"11":{"start":{"line":86,"column":28},"end":{"line":86,"column":51}},"12":{"start":{"line":87,"column":23},"end":{"line":87,"column":60}},"13":{"start":{"line":88,"column":6},"end":{"line":88,"column":32}},"14":{"start":{"line":91,"column":6},"end":{"line":91,"column":28}},"15":{"start":{"line":94,"column":6},"end":{"line":94,"column":29}},"16":{"start":{"line":97,"column":6},"end":{"line":103,"column":7}},"17":{"start":{"line":99,"column":8},"end":{"line":102,"column":10}},"18":{"start":{"line":106,"column":2},"end":{"line":106,"column":16}},"19":{"start":{"line":109,"column":38},"end":{"line":114,"column":1}},"20":{"start":{"line":113,"column":2},"end":{"line":113,"column":39}}},"fnMap":{"0":{"name":"(anonymous_0)","decl":{"start":{"line":4,"column":37},"end":{"line":4,"column":38}},"loc":{"start":{"line":9,"column":5},"end":{"line":37,"column":1}},"line":9},"1":{"name":"(anonymous_1)","decl":{"start":{"line":20,"column":6},"end":{"line":20,"column":7}},"loc":{"start":{"line":20,"column":19},"end":{"line":22,"column":7}},"line":20},"2":{"name":"(anonymous_2)","decl":{"start":{"line":32,"column":6},"end":{"line":32,"column":7}},"loc":{"start":{"line":32,"column":19},"end":{"line":34,"column":7}},"line":32},"3":{"name":"(anonymous_3)","decl":{"start":{"line":39,"column":35},"end":{"line":39,"column":36}},"loc":{"start":{"line":45,"column":5},"end":{"line":73,"column":1}},"line":45},"4":{"name":"(anonymous_4)","decl":{"start":{"line":56,"column":6},"end":{"line":56,"column":7}},"loc":{"start":{"line":56,"column":19},"end":{"line":58,"column":7}},"line":56},"5":{"name":"(anonymous_5)","decl":{"start":{"line":68,"column":6},"end":{"line":68,"column":7}},"loc":{"start":{"line":68,"column":19},"end":{"line":70,"column":7}},"line":68},"6":{"name":"(anonymous_6)","decl":{"start":{"line":75,"column":39},"end":{"line":75,"column":40}},"loc":{"start":{"line":79,"column":5},"end":{"line":107,"column":1}},"line":79},"7":{"name":"(anonymous_7)","decl":{"start":{"line":85,"column":39},"end":{"line":85,"column":40}},"loc":{"start":{"line":85,"column":45},"end":{"line":89,"column":5}},"line":85},"8":{"name":"(anonymous_8)","decl":{"start":{"line":90,"column":39},"end":{"line":90,"column":40}},"loc":{"start":{"line":90,"column":45},"end":{"line":92,"column":5}},"line":90},"9":{"name":"(anonymous_9)","decl":{"start":{"line":93,"column":40},"end":{"line":93,"column":41}},"loc":{"start":{"line":93,"column":46},"end":{"line":95,"column":5}},"line":93},"10":{"name":"(anonymous_10)","decl":{"start":{"line":96,"column":15},"end":{"line":96,"column":16}},"loc":{"start":{"line":96,"column":33},"end":{"line":104,"column":5}},"line":96},"11":{"name":"(anonymous_11)","decl":{"start":{"line":109,"column":38},"end":{"line":109,"column":39}},"loc":{"start":{"line":112,"column":5},"end":{"line":114,"column":1}},"line":112}},"branchMap":{"0":{"loc":{"start":{"line":97,"column":6},"end":{"line":103,"column":7}},"type":"if","locations":[{"start":{"line":97,"column":6},"end":{"line":103,"column":7}},{"start":{},"end":{}}],"line":97}},"s":{"0":0,"1":0,"2":0,"3":0,"4":0,"5":0,"6":0,"7":0,"8":0,"9":0,"10":0,"11":0,"12":0,"13":0,"14":0,"15":0,"16":0,"17":0,"18":0,"19":0,"20":0},"f":{"0":0,"1":0,"2":0,"3":0,"4":0,"5":0,"6":0,"7":0,"8":0,"9":0,"10":0,"11":0},"b":{"0":[0,0]}}
,"/Users/shaheerahmad/Documents/CursorSlackClone3/src/lib/utils/dialog-styles.ts": {"path":"/Users/shaheerahmad/Documents/CursorSlackClone3/src/lib/utils/dialog-styles.ts","statementMap":{"0":{"start":{"line":4,"column":2},"end":{"line":4,"column":154}},"1":{"start":{"line":7,"column":2},"end":{"line":7,"column":511}},"2":{"start":{"line":10,"column":2},"end":{"line":10,"column":273}},"3":{"start":{"line":12,"column":31},"end":{"line":22,"column":1}},"4":{"start":{"line":13,"column":35},"end":{"line":13,"column":69}},"5":{"start":{"line":14,"column":35},"end":{"line":14,"column":69}},"6":{"start":{"line":15,"column":39},"end":{"line":15,"column":77}},"7":{"start":{"line":17,"column":4},"end":{"line":17,"column":71}},"8":{"start":{"line":19,"column":4},"end":{"line":19,"column":82}},"9":{"start":{"line":20,"column":33},"end":{"line":20,"column":99}},"10":{"start":{"line":21,"column":39},"end":{"line":21,"column":85}}},"fnMap":{"0":{"name":"(anonymous_0)","decl":{"start":{"line":13,"column":11},"end":{"line":13,"column":12}},"loc":{"start":{"line":13,"column":35},"end":{"line":13,"column":69}},"line":13},"1":{"name":"(anonymous_1)","decl":{"start":{"line":14,"column":11},"end":{"line":14,"column":12}},"loc":{"start":{"line":14,"column":35},"end":{"line":14,"column":69}},"line":14},"2":{"name":"(anonymous_2)","decl":{"start":{"line":15,"column":15},"end":{"line":15,"column":16}},"loc":{"start":{"line":15,"column":39},"end":{"line":15,"column":77}},"line":15},"3":{"name":"(anonymous_3)","decl":{"start":{"line":16,"column":10},"end":{"line":16,"column":11}},"loc":{"start":{"line":17,"column":4},"end":{"line":17,"column":71}},"line":17},"4":{"name":"(anonymous_4)","decl":{"start":{"line":18,"column":10},"end":{"line":18,"column":11}},"loc":{"start":{"line":19,"column":4},"end":{"line":19,"column":82}},"line":19},"5":{"name":"(anonymous_5)","decl":{"start":{"line":20,"column":9},"end":{"line":20,"column":10}},"loc":{"start":{"line":20,"column":33},"end":{"line":20,"column":99}},"line":20},"6":{"name":"(anonymous_6)","decl":{"start":{"line":21,"column":15},"end":{"line":21,"column":16}},"loc":{"start":{"line":21,"column":39},"end":{"line":21,"column":85}},"line":21}},"branchMap":{},"s":{"0":0,"1":0,"2":0,"3":0,"4":0,"5":0,"6":0,"7":0,"8":0,"9":0,"10":0},"f":{"0":0,"1":0,"2":0,"3":0,"4":0,"5":0,"6":0},"b":{}}
,"/Users/shaheerahmad/Documents/CursorSlackClone3/src/lib/validations/dm.ts": {"path":"/Users/shaheerahmad/Documents/CursorSlackClone3/src/lib/validations/dm.ts","statementMap":{"0":{"start":{"line":3,"column":37},"end":{"line":5,"column":2}},"1":{"start":{"line":7,"column":35},"end":{"line":10,"column":2}}},"fnMap":{},"branchMap":{},"s":{"0":0,"1":0},"f":{},"b":{}}
}
